sample.interval=20000
"eval" "eval" "<Anonymous>" "model.frame.default" "stats::model.frame" "eval" "eval" "glm" 
"deparse" "mode" "%in%" "deparse" ".rs.deparse" ".rs.callSummary" "eval" "eval" "<Anonymous>" "model.frame.default" "stats::model.frame" "eval" "eval" "glm" 
"eval" "eval" "<Anonymous>" "model.frame.default" "stats::model.frame" "eval" "eval" "glm" 
"eval" "eval" "<Anonymous>" "model.frame.default" "stats::model.frame" "eval" "eval" "glm" 
".rs.normalizePath" "withCallingHandlers" "suppressWarnings" ".rs.rpc.get_completions" "eval" "eval" "<Anonymous>" "model.frame.default" "stats::model.frame" "eval" "eval" "glm" 
"gsub" ".rs.fuzzyMatches" ".rs.getCompletionsSearchPath" "Reduce" ".rs.rpc.get_completions" "eval" "eval" "<Anonymous>" "model.frame.default" "stats::model.frame" "eval" "eval" "glm" 
"eval" "eval" "<Anonymous>" "model.frame.default" "stats::model.frame" "eval" "eval" "glm" 
"ls" "FUN" "lapply" ".rs.objectsOnSearchPath" ".rs.getCompletionsSearchPath" "Reduce" ".rs.rpc.get_completions" "eval" "eval" "<Anonymous>" "model.frame.default" "stats::model.frame" "eval" "eval" "glm" 
"eval" "eval" "<Anonymous>" "model.frame.default" "stats::model.frame" "eval" "eval" "glm" 
"writeContent" "writeSection" "Rd2HTML" "tools:::httpd" "withCallingHandlers" "suppressWarnings" ".rs.getHelp" "impl" ".rs.rpc.get_help" "eval" "eval" "<Anonymous>" "model.frame.default" "stats::model.frame" "eval" "eval" "glm" 
"eval" "eval" "<Anonymous>" "model.frame.default" "stats::model.frame" "eval" "eval" "glm" 
"eval" "eval" "<Anonymous>" "model.frame.default" "stats::model.frame" "eval" "eval" "glm" 
"eval" "eval" "<Anonymous>" "model.frame.default" "stats::model.frame" "eval" "eval" "glm" 
"eval" "eval" "<Anonymous>" "model.frame.default" "stats::model.frame" "eval" "eval" "glm" 
"eval" "eval" "<Anonymous>" "model.frame.default" "stats::model.frame" "eval" "eval" "glm" 
"handleRequireNamespaceCall" "fn" ".rs.recursiveWalk" ".rs.recursiveWalk" ".rs.recursiveWalk" ".rs.recursiveWalk" ".rs.recursiveWalk" ".rs.recursiveWalk" ".rs.parsePackageDependencies" ".rs.discoverPackageDependencies" ".rs.rpc.discover_package_dependencies" "eval" "eval" "<Anonymous>" "model.frame.default" "stats::model.frame" "eval" "eval" "glm" 
"eval" "eval" "<Anonymous>" "model.frame.default" "stats::model.frame" "eval" "eval" "glm" 
"eval" "eval" "<Anonymous>" "model.frame.default" "stats::model.frame" "eval" "eval" "glm" 
"eval" "eval" "<Anonymous>" "model.frame.default" "stats::model.frame" "eval" "eval" "glm" 
"eval" "eval" "<Anonymous>" "model.frame.default" "stats::model.frame" "eval" "eval" "glm" 
"eval" "eval" "<Anonymous>" "model.frame.default" "stats::model.frame" "eval" "eval" "glm" 
"eval" "eval" "<Anonymous>" "model.frame.default" "stats::model.frame" "eval" "eval" "glm" 
"eval" "eval" "<Anonymous>" "model.frame.default" "stats::model.frame" "eval" "eval" "glm" 
"eval" "eval" "<Anonymous>" "model.frame.default" "stats::model.frame" "eval" "eval" "glm" 
"eval" "eval" "<Anonymous>" "model.frame.default" "stats::model.frame" "eval" "eval" "glm" 
"eval" "eval" "<Anonymous>" "model.frame.default" "stats::model.frame" "eval" "eval" "glm" 
"eval" "eval" "<Anonymous>" "model.frame.default" "stats::model.frame" "eval" "eval" "glm" 
"eval" "eval" "<Anonymous>" "model.frame.default" "stats::model.frame" "eval" "eval" "glm" 
"eval" "eval" "<Anonymous>" "model.frame.default" "stats::model.frame" "eval" "eval" "glm" 
"eval" "eval" "<Anonymous>" "model.frame.default" "stats::model.frame" "eval" "eval" "glm" 
"eval" "eval" "<Anonymous>" "model.frame.default" "stats::model.frame" "eval" "eval" "glm" 
"eval" "eval" "<Anonymous>" "model.frame.default" "stats::model.frame" "eval" "eval" "glm" 
"handleLibraryRequireCall" "fn" ".rs.recursiveWalk" ".rs.recursiveWalk" ".rs.recursiveWalk" ".rs.recursiveWalk" ".rs.recursiveWalk" ".rs.recursiveWalk" ".rs.recursiveWalk" ".rs.parsePackageDependencies" ".rs.discoverPackageDependencies" ".rs.rpc.discover_package_dependencies" "eval" "eval" "<Anonymous>" "model.frame.default" "stats::model.frame" "eval" "eval" "glm" 
"eval" "eval" "<Anonymous>" "model.frame.default" "stats::model.frame" "eval" "eval" "glm" 
"eval" "eval" "<Anonymous>" "model.frame.default" "stats::model.frame" "eval" "eval" "glm" 
"eval" "eval" "<Anonymous>" "model.frame.default" "stats::model.frame" "eval" "eval" "glm" 
"eval" "eval" "<Anonymous>" "model.frame.default" "stats::model.frame" "eval" "eval" "glm" 
"eval" "eval" "<Anonymous>" "model.frame.default" "stats::model.frame" "eval" "eval" "glm" 
"eval" "eval" "<Anonymous>" "model.frame.default" "stats::model.frame" "eval" "eval" "glm" 
"eval" "eval" "<Anonymous>" "model.frame.default" "stats::model.frame" "eval" "eval" "glm" 
"eval" "eval" "<Anonymous>" "model.frame.default" "stats::model.frame" "eval" "eval" "glm" 
"eval" "eval" "<Anonymous>" "model.frame.default" "stats::model.frame" "eval" "eval" "glm" 
"eval" "eval" "<Anonymous>" "model.frame.default" "stats::model.frame" "eval" "eval" "glm" 
"eval" "eval" "<Anonymous>" "model.frame.default" "stats::model.frame" "eval" "eval" "glm" 
"eval" "eval" "<Anonymous>" "model.frame.default" "stats::model.frame" "eval" "eval" "glm" 
"eval" "eval" "<Anonymous>" "model.frame.default" "stats::model.frame" "eval" "eval" "glm" 
"eval" "eval" "<Anonymous>" "model.frame.default" "stats::model.frame" "eval" "eval" "glm" 
"eval" "eval" "<Anonymous>" "model.frame.default" "stats::model.frame" "eval" "eval" "glm" 
"eval" "eval" "<Anonymous>" "model.frame.default" "stats::model.frame" "eval" "eval" "glm" 
"eval" "eval" "<Anonymous>" "model.frame.default" "stats::model.frame" "eval" "eval" "glm" 
"eval" "eval" "<Anonymous>" "model.frame.default" "stats::model.frame" "eval" "eval" "glm" 
"eval" "eval" "<Anonymous>" "model.frame.default" "stats::model.frame" "eval" "eval" "glm" 
"eval" "eval" "<Anonymous>" "model.frame.default" "stats::model.frame" "eval" "eval" "glm" 
"eval" "eval" "<Anonymous>" "model.frame.default" "stats::model.frame" "eval" "eval" "glm" 
"eval" "eval" "<Anonymous>" "model.frame.default" "stats::model.frame" "eval" "eval" "glm" 
".rs.getDollarNamesMethod" ".rs.getCompletionsDollar" ".rs.rpc.get_completions" "eval" "eval" "<Anonymous>" "model.frame.default" "stats::model.frame" "eval" "eval" "glm" 
"eval" "eval" "<Anonymous>" "model.frame.default" "stats::model.frame" "eval" "eval" "glm" 
"sys.calls" ".rs.resolveContextSourceRefs" "eval" "eval" "<Anonymous>" "model.frame.default" "stats::model.frame" "eval" "eval" "glm" 
"eval" "eval" "<Anonymous>" "model.frame.default" "stats::model.frame" "eval" "eval" "glm" 
"eval" "eval" "<Anonymous>" "model.frame.default" "stats::model.frame" "eval" "eval" "glm" 
"eval" "eval" "<Anonymous>" "model.frame.default" "stats::model.frame" "eval" "eval" "glm" 
"eval" "eval" "<Anonymous>" "model.frame.default" "stats::model.frame" "eval" "eval" "glm" 
"eval" "eval" "<Anonymous>" "model.frame.default" "stats::model.frame" "eval" "eval" "glm" 
"eval" "eval" "<Anonymous>" "model.frame.default" "stats::model.frame" "eval" "eval" "glm" 
"eval" "eval" "<Anonymous>" "model.frame.default" "stats::model.frame" "eval" "eval" "glm" 
"eval" "eval" "<Anonymous>" "model.frame.default" "stats::model.frame" "eval" "eval" "glm" 
"eval" "eval" "<Anonymous>" "model.frame.default" "stats::model.frame" "eval" "eval" "glm" 
"eval" "eval" "<Anonymous>" "model.frame.default" "stats::model.frame" "eval" "eval" "glm" 
"eval" "eval" "<Anonymous>" "model.frame.default" "stats::model.frame" "eval" "eval" "glm" 
"eval" "eval" "<Anonymous>" "model.frame.default" "stats::model.frame" "eval" "eval" "glm" 
"eval" "eval" "<Anonymous>" "model.frame.default" "stats::model.frame" "eval" "eval" "glm" 
"eval" "eval" "<Anonymous>" "model.frame.default" "stats::model.frame" "eval" "eval" "glm" 
"eval" "eval" "<Anonymous>" "model.frame.default" "stats::model.frame" "eval" "eval" "glm" 
"eval" "eval" "<Anonymous>" "model.frame.default" "stats::model.frame" "eval" "eval" "glm" 
"eval" "eval" "<Anonymous>" "model.frame.default" "stats::model.frame" "eval" "eval" "glm" 
"eval" "eval" "<Anonymous>" "model.frame.default" "stats::model.frame" "eval" "eval" "glm" 
"eval" "eval" "<Anonymous>" "model.frame.default" "stats::model.frame" "eval" "eval" "glm" 
"eval" "eval" "<Anonymous>" "model.frame.default" "stats::model.frame" "eval" "eval" "glm" 
"eval" "eval" "<Anonymous>" "model.frame.default" "stats::model.frame" "eval" "eval" "glm" 
"ls" "FUN" "lapply" ".rs.objectsOnSearchPath" ".rs.getCompletionsSearchPath" "Reduce" ".rs.rpc.get_completions" "eval" "eval" "<Anonymous>" "model.frame.default" "stats::model.frame" "eval" "eval" "glm" 
"eval" "eval" "<Anonymous>" "model.frame.default" "stats::model.frame" "eval" "eval" "glm" 
"<Anonymous>" "do.call" "doTryCatch" "tryCatchOne" "tryCatchList" "tryCatch" ".rs.getHelpFromObject" ".rs.getHelpFunction" "impl" ".rs.rpc.get_help" "eval" "eval" "<Anonymous>" "model.frame.default" "stats::model.frame" "eval" "eval" "glm" 
"<Anonymous>" "do.call" "doTryCatch" "tryCatchOne" "tryCatchList" "tryCatch" ".rs.getHelpFromObject" ".rs.getHelpFunction" "impl" ".rs.rpc.get_help" "eval" "eval" "<Anonymous>" "model.frame.default" "stats::model.frame" "eval" "eval" "glm" 
"htmlify" "utils:::getSrcByte" "isBlankLineRd" "addParaBreaks" "writeLines" "writeLinesUTF8" "of1" "writeBlock" "writeContent" "writeHref" "writeLink" "writeBlock" "writeContent" "writeWrapped" "writeBlock" "writeContent" "writeSection" "Rd2HTML" "tools:::httpd" "withCallingHandlers" "suppressWarnings" ".rs.getHelp" ".rs.getHelpFromObject" ".rs.getHelpFunction" "impl" ".rs.rpc.get_help" "eval" "eval" "<Anonymous>" "model.frame.default" "stats::model.frame" "eval" "eval" "glm" 
"tryCatch" ".rs.getHelpFromObject" ".rs.getHelpFunction" "impl" ".rs.rpc.get_help" "eval" "eval" "<Anonymous>" "model.frame.default" "stats::model.frame" "eval" "eval" "glm" 
"writeContent" "writeSection" "Rd2HTML" "tools:::httpd" "withCallingHandlers" "suppressWarnings" ".rs.getHelp" ".rs.getHelpFromObject" ".rs.getHelpFunction" "impl" ".rs.rpc.get_help" "eval" "eval" "<Anonymous>" "model.frame.default" "stats::model.frame" "eval" "eval" "glm" 
"addParaBreaks" "writeLines" "writeLinesUTF8" "of1" "writeBlock" "writeContent" "writeBlock" "writeContent" "writeBlock" "writeContent" "writeSection" "Rd2HTML" "tools:::httpd" "withCallingHandlers" "suppressWarnings" ".rs.getHelp" ".rs.getHelpFromObject" ".rs.getHelpFunction" "impl" ".rs.rpc.get_help" "eval" "eval" "<Anonymous>" "model.frame.default" "stats::model.frame" "eval" "eval" "glm" 
"gsub" "fsub" "htmlify" "utils:::getSrcByte" "isBlankLineRd" "addParaBreaks" "writeLines" "writeLinesUTF8" "of1" "writeBlock" "writeContent" "writeContent" "writeSection" "Rd2HTML" "tools:::httpd" "withCallingHandlers" "suppressWarnings" ".rs.getHelp" ".rs.getHelpFromObject" ".rs.getHelpFunction" "impl" ".rs.rpc.get_help" "eval" "eval" "<Anonymous>" "model.frame.default" "stats::model.frame" "eval" "eval" "glm" 
"eval" "eval" "<Anonymous>" "model.frame.default" "stats::model.frame" "eval" "eval" "glm" 
"paste" ".rs.deparseFunction" ".rs.simulateSourceRefs" "eval" "eval" "<Anonymous>" "model.frame.default" "stats::model.frame" "eval" "eval" "glm" 
"paste" ".rs.deparseFunction" ".rs.simulateSourceRefs" "eval" "eval" "<Anonymous>" "model.frame.default" "stats::model.frame" "eval" "eval" "glm" 
"paste" ".rs.deparseFunction" ".rs.simulateSourceRefs" "eval" "eval" "<Anonymous>" "model.frame.default" "stats::model.frame" "eval" "eval" "glm" 
"paste" ".rs.deparseFunction" ".rs.simulateSourceRefs" "eval" "eval" "<Anonymous>" "model.frame.default" "stats::model.frame" "eval" "eval" "glm" 
"paste" ".rs.deparseFunction" ".rs.simulateSourceRefs" "eval" "eval" "<Anonymous>" "model.frame.default" "stats::model.frame" "eval" "eval" "glm" 
"paste" ".rs.deparseFunction" ".rs.simulateSourceRefs" "eval" "eval" "<Anonymous>" "model.frame.default" "stats::model.frame" "eval" "eval" "glm" 
"paste" ".rs.deparseFunction" ".rs.simulateSourceRefs" "eval" "eval" "<Anonymous>" "model.frame.default" "stats::model.frame" "eval" "eval" "glm" 
"paste" ".rs.deparseFunction" ".rs.simulateSourceRefs" "eval" "eval" "<Anonymous>" "model.frame.default" "stats::model.frame" "eval" "eval" "glm" 
"eval" "eval" "<Anonymous>" "model.frame.default" "stats::model.frame" "eval" "eval" "glm" 
"eval" "eval" "<Anonymous>" "model.frame.default" "stats::model.frame" "eval" "eval" "glm" 
"eval" "eval" "<Anonymous>" "model.frame.default" "stats::model.frame" "eval" "eval" "glm" 
"eval" "eval" "<Anonymous>" "model.frame.default" "stats::model.frame" "eval" "eval" "glm" 
"eval" "eval" "<Anonymous>" "model.frame.default" "stats::model.frame" "eval" "eval" "glm" 
"eval" "eval" "<Anonymous>" "model.frame.default" "stats::model.frame" "eval" "eval" "glm" 
"eval" "eval" "<Anonymous>" "model.frame.default" "stats::model.frame" "eval" "eval" "glm" 
"eval" "eval" "<Anonymous>" "model.frame.default" "stats::model.frame" "eval" "eval" "glm" 
"eval" "eval" "<Anonymous>" "model.frame.default" "stats::model.frame" "eval" "eval" "glm" 
"eval" "eval" "<Anonymous>" "model.frame.default" "stats::model.frame" "eval" "eval" "glm" 
"eval" "eval" "<Anonymous>" "model.frame.default" "stats::model.frame" "eval" "eval" "glm" 
"eval" "eval" "<Anonymous>" "model.frame.default" "stats::model.frame" "eval" "eval" "glm" 
"eval" "eval" "<Anonymous>" "model.frame.default" "stats::model.frame" "eval" "eval" "glm" 
"eval" "eval" "<Anonymous>" "model.frame.default" "stats::model.frame" "eval" "eval" "glm" 
"eval" "eval" "<Anonymous>" "model.frame.default" "stats::model.frame" "eval" "eval" "glm" 
"eval" "eval" "<Anonymous>" "model.frame.default" "stats::model.frame" "eval" "eval" "glm" 
"eval" "eval" "<Anonymous>" "model.frame.default" "stats::model.frame" "eval" "eval" "glm" 
"eval" "eval" "<Anonymous>" "model.frame.default" "stats::model.frame" "eval" "eval" "glm" 
"eval" "eval" "<Anonymous>" "model.frame.default" "stats::model.frame" "eval" "eval" "glm" 
"eval" "eval" "<Anonymous>" "model.frame.default" "stats::model.frame" "eval" "eval" "glm" 
"eval" "eval" "<Anonymous>" "model.frame.default" "stats::model.frame" "eval" "eval" "glm" 
"eval" "eval" "<Anonymous>" "model.frame.default" "stats::model.frame" "eval" "eval" "glm" 
"eval" "eval" "<Anonymous>" "model.frame.default" "stats::model.frame" "eval" "eval" "glm" 
"eval" "eval" "<Anonymous>" "model.frame.default" "stats::model.frame" "eval" "eval" "glm" 
"eval" "eval" "<Anonymous>" "model.frame.default" "stats::model.frame" "eval" "eval" "glm" 
"eval" "eval" "<Anonymous>" "model.frame.default" "stats::model.frame" "eval" "eval" "glm" 
"eval" "eval" "<Anonymous>" "model.frame.default" "stats::model.frame" "eval" "eval" "glm" 
"match.arg" "difftime" ".rs.availablePackagesState" ".rs.availablePackages" ".rs.rpc.discover_package_dependencies" "eval" "eval" "<Anonymous>" "model.frame.default" "stats::model.frame" "eval" "eval" "glm" 
"eval" "eval" "<Anonymous>" "model.frame.default" "stats::model.frame" "eval" "eval" "glm" 
"eval" "eval" "<Anonymous>" "model.frame.default" "stats::model.frame" "eval" "eval" "glm" 
"eval" "eval" "<Anonymous>" "model.frame.default" "stats::model.frame" "eval" "eval" "glm" 
"eval" "eval" "<Anonymous>" "model.frame.default" "stats::model.frame" "eval" "eval" "glm" 
"eval" "eval" "<Anonymous>" "model.frame.default" "stats::model.frame" "eval" "eval" "glm" 
"eval" "eval" "<Anonymous>" "model.frame.default" "stats::model.frame" "eval" "eval" "glm" 
"eval" "eval" "<Anonymous>" "model.frame.default" "stats::model.frame" "eval" "eval" "glm" 
"eval" "eval" "<Anonymous>" "model.frame.default" "stats::model.frame" "eval" "eval" "glm" 
"eval" "eval" "<Anonymous>" "model.frame.default" "stats::model.frame" "eval" "eval" "glm" 
"eval" "eval" "<Anonymous>" "model.frame.default" "stats::model.frame" "eval" "eval" "glm" 
"eval" "eval" "<Anonymous>" "model.frame.default" "stats::model.frame" "eval" "eval" "glm" 
"eval" "eval" "<Anonymous>" "model.frame.default" "stats::model.frame" "eval" "eval" "glm" 
"eval" "eval" "<Anonymous>" "model.frame.default" "stats::model.frame" "eval" "eval" "glm" 
"eval" "eval" "<Anonymous>" "model.frame.default" "stats::model.frame" "eval" "eval" "glm" 
"eval" "eval" "<Anonymous>" "model.frame.default" "stats::model.frame" "eval" "eval" "glm" 
"eval" "eval" "<Anonymous>" "model.frame.default" "stats::model.frame" "eval" "eval" "glm" 
"eval" "eval" "<Anonymous>" "model.frame.default" "stats::model.frame" "eval" "eval" "glm" 
"eval" "eval" "<Anonymous>" "model.frame.default" "stats::model.frame" "eval" "eval" "glm" 
"eval" "eval" "<Anonymous>" "model.frame.default" "stats::model.frame" "eval" "eval" "glm" 
"eval" "eval" "<Anonymous>" "model.frame.default" "stats::model.frame" "eval" "eval" "glm" 
"eval" "eval" "<Anonymous>" "model.frame.default" "stats::model.frame" "eval" "eval" "glm" 
"eval" "eval" "<Anonymous>" "model.frame.default" "stats::model.frame" "eval" "eval" "glm" 
"eval" "eval" "<Anonymous>" "model.frame.default" "stats::model.frame" "eval" "eval" "glm" 
"eval" "eval" "<Anonymous>" "model.frame.default" "stats::model.frame" "eval" "eval" "glm" 
"ls" "FUN" "lapply" ".rs.objectsOnSearchPath" ".rs.getCompletionsSearchPath" "Reduce" ".rs.rpc.get_completions" "eval" "eval" "<Anonymous>" "model.frame.default" "stats::model.frame" "eval" "eval" "glm" 
"eval" "eval" "<Anonymous>" "model.frame.default" "stats::model.frame" "eval" "eval" "glm" 
"eval" "eval" "<Anonymous>" "model.frame.default" "stats::model.frame" "eval" "eval" "glm" 
"eval" "eval" "<Anonymous>" "model.frame.default" "stats::model.frame" "eval" "eval" "glm" 
"eval" "eval" "<Anonymous>" "model.frame.default" "stats::model.frame" "eval" "eval" "glm" 
"eval" "eval" "<Anonymous>" "model.frame.default" "stats::model.frame" "eval" "eval" "glm" 
"eval" "eval" "<Anonymous>" "model.frame.default" "stats::model.frame" "eval" "eval" "glm" 
"eval" "eval" "<Anonymous>" "model.frame.default" "stats::model.frame" "eval" "eval" "glm" 
"eval" "eval" "<Anonymous>" "model.frame.default" "stats::model.frame" "eval" "eval" "glm" 
"eval" "eval" "<Anonymous>" "model.frame.default" "stats::model.frame" "eval" "eval" "glm" 
"eval" "eval" "<Anonymous>" "model.frame.default" "stats::model.frame" "eval" "eval" "glm" 
"eval" "eval" "<Anonymous>" "model.frame.default" "stats::model.frame" "eval" "eval" "glm" 
"eval" "eval" "<Anonymous>" "model.frame.default" "stats::model.frame" "eval" "eval" "glm" 
"eval" "eval" "<Anonymous>" "model.frame.default" "stats::model.frame" "eval" "eval" "glm" 
"eval" "eval" "<Anonymous>" "model.frame.default" "stats::model.frame" "eval" "eval" "glm" 
"ls" "FUN" "lapply" ".rs.objectsOnSearchPath" ".rs.getCompletionsSearchPath" "Reduce" ".rs.rpc.get_completions" "eval" "eval" "<Anonymous>" "model.frame.default" "stats::model.frame" "eval" "eval" "glm" 
"tryCatch" ".rs.getHelpFromObject" ".rs.getHelpFunction" "impl" ".rs.rpc.get_help" "eval" "eval" "<Anonymous>" "model.frame.default" "stats::model.frame" "eval" "eval" "glm" 
"match.arg" "trimws" "writeItemAsCode" "writeContent" "writeSection" "Rd2HTML" "tools:::httpd" "withCallingHandlers" "suppressWarnings" ".rs.getHelp" ".rs.getHelpFromObject" ".rs.getHelpFunction" "impl" ".rs.rpc.get_help" "eval" "eval" "<Anonymous>" "model.frame.default" "stats::model.frame" "eval" "eval" "glm" 
"simplify2array" "RdTags" "writeContent" "writeWrapped" "writeBlock" "writeContent" "writeSection" "Rd2HTML" "tools:::httpd" "withCallingHandlers" "suppressWarnings" ".rs.getHelp" ".rs.getHelpFromObject" ".rs.getHelpFunction" "impl" ".rs.rpc.get_help" "eval" "eval" "<Anonymous>" "model.frame.default" "stats::model.frame" "eval" "eval" "glm" 
"eval" "eval" "<Anonymous>" "model.frame.default" "stats::model.frame" "eval" "eval" "glm" 
"eval" "eval" "<Anonymous>" "model.frame.default" "stats::model.frame" "eval" "eval" "glm" 
"eval" "eval" "<Anonymous>" "model.frame.default" "stats::model.frame" "eval" "eval" "glm" 
".rs.rpc.get_completions" "eval" "eval" "<Anonymous>" "model.frame.default" "stats::model.frame" "eval" "eval" "glm" 
"eval" "eval" "<Anonymous>" "model.frame.default" "stats::model.frame" "eval" "eval" "glm" 
"eval" "eval" "<Anonymous>" "model.frame.default" "stats::model.frame" "eval" "eval" "glm" 
"ls" "FUN" "lapply" ".rs.objectsOnSearchPath" ".rs.getCompletionsSearchPath" "Reduce" ".rs.rpc.get_completions" "eval" "eval" "<Anonymous>" "model.frame.default" "stats::model.frame" "eval" "eval" "glm" 
".rs.getHelpFromObject" ".rs.getHelpFunction" "impl" ".rs.rpc.get_help" "eval" "eval" "<Anonymous>" "model.frame.default" "stats::model.frame" "eval" "eval" "glm" 
"htmlify" "utils:::getSrcByte" "isBlankLineRd" "addParaBreaks" "writeLines" "writeLinesUTF8" "of1" "writeBlock" "writeContent" "writeSection" "Rd2HTML" "tools:::httpd" "withCallingHandlers" "suppressWarnings" ".rs.getHelp" ".rs.getHelpFromObject" ".rs.getHelpFunction" "impl" ".rs.rpc.get_help" "eval" "eval" "<Anonymous>" "model.frame.default" "stats::model.frame" "eval" "eval" "glm" 
"eval" "eval" "<Anonymous>" "model.frame.default" "stats::model.frame" "eval" "eval" "glm" 
"eval" "eval" "<Anonymous>" "model.frame.default" "stats::model.frame" "eval" "eval" "glm" 
"eval" "eval" "<Anonymous>" "model.frame.default" "stats::model.frame" "eval" "eval" "glm" 
"ls" "FUN" "lapply" ".rs.objectsOnSearchPath" ".rs.getCompletionsSearchPath" "Reduce" ".rs.rpc.get_completions" "eval" "eval" "<Anonymous>" "model.frame.default" "stats::model.frame" "eval" "eval" "glm" 
"eval" "eval" "<Anonymous>" "model.frame.default" "stats::model.frame" "eval" "eval" "glm" 
"ls" "FUN" "lapply" ".rs.objectsOnSearchPath" ".rs.getCompletionsSearchPath" "Reduce" ".rs.rpc.get_completions" "eval" "eval" "<Anonymous>" "model.frame.default" "stats::model.frame" "eval" "eval" "glm" 
"eval" "eval" "<Anonymous>" "model.frame.default" "stats::model.frame" "eval" "eval" "glm" 
"eval" "eval" "<Anonymous>" "model.frame.default" "stats::model.frame" "eval" "eval" "glm" 
"gsub" ".rs.fuzzyMatches" ".rs.getCompletionsSearchPath" "Reduce" ".rs.rpc.get_completions" "eval" "eval" "<Anonymous>" "model.frame.default" "stats::model.frame" "eval" "eval" "glm" 
"ls" "FUN" "lapply" ".rs.objectsOnSearchPath" ".rs.getCompletionsSearchPath" "Reduce" ".rs.rpc.get_completions" "eval" "eval" "<Anonymous>" "model.frame.default" "stats::model.frame" "eval" "eval" "glm" 
"eval" "eval" "<Anonymous>" "model.frame.default" "stats::model.frame" "eval" "eval" "glm" 
"eval" "eval" "<Anonymous>" "model.frame.default" "stats::model.frame" "eval" "eval" "glm" 
"eval" "eval" "<Anonymous>" "model.frame.default" "stats::model.frame" "eval" "eval" "glm" 
"eval" "eval" "<Anonymous>" "model.frame.default" "stats::model.frame" "eval" "eval" "glm" 
"ls" "FUN" "lapply" ".rs.objectsOnSearchPath" ".rs.getCompletionsSearchPath" "Reduce" ".rs.rpc.get_completions" "eval" "eval" "<Anonymous>" "model.frame.default" "stats::model.frame" "eval" "eval" "glm" 
"do.call" "doTryCatch" "tryCatchOne" "tryCatchList" "tryCatch" ".rs.getHelpFromObject" ".rs.getHelpFunction" "impl" ".rs.rpc.get_help" "eval" "eval" "<Anonymous>" "model.frame.default" "stats::model.frame" "eval" "eval" "glm" 
"%notin%" "writeBlock" "writeContent" "writeSection" "Rd2HTML" "tools:::httpd" "withCallingHandlers" "suppressWarnings" ".rs.getHelp" ".rs.getHelpFromObject" ".rs.getHelpFunction" "impl" ".rs.rpc.get_help" "eval" "eval" "<Anonymous>" "model.frame.default" "stats::model.frame" "eval" "eval" "glm" 
"eval" "eval" "<Anonymous>" "model.frame.default" "stats::model.frame" "eval" "eval" "glm" 
"eval" "eval" "<Anonymous>" "model.frame.default" "stats::model.frame" "eval" "eval" "glm" 
"ls" "FUN" "lapply" ".rs.objectsOnSearchPath" ".rs.getCompletionsSearchPath" "Reduce" ".rs.rpc.get_completions" "eval" "eval" "<Anonymous>" "model.frame.default" "stats::model.frame" "eval" "eval" "glm" 
"ls" "FUN" "lapply" ".rs.objectsOnSearchPath" ".rs.getCompletionsSearchPath" "Reduce" ".rs.rpc.get_completions" "eval" "eval" "<Anonymous>" "model.frame.default" "stats::model.frame" "eval" "eval" "glm" 
"eval" "eval" "<Anonymous>" "model.frame.default" "stats::model.frame" "eval" "eval" "glm" 
".Call" ".rs.getKnitParamsForDocument" ".rs.injectKnitrParamsObject" ".rs.rpc.get_completions" "eval" "eval" "<Anonymous>" "model.frame.default" "stats::model.frame" "eval" "eval" "glm" 
"tolower" "nchar" ".rs.startsWith" ".rs.fuzzyMatches" ".rs.getCompletionsSearchPath" "Reduce" ".rs.rpc.get_completions" "eval" "eval" "<Anonymous>" "model.frame.default" "stats::model.frame" "eval" "eval" "glm" 
"eval" "eval" "<Anonymous>" "model.frame.default" "stats::model.frame" "eval" "eval" "glm" 
"eval" "eval" "<Anonymous>" "model.frame.default" "stats::model.frame" "eval" "eval" "glm" 
"eval" "eval" "<Anonymous>" "model.frame.default" "stats::model.frame" "eval" "eval" "glm" 
"eval" "eval" "<Anonymous>" "model.frame.default" "stats::model.frame" "eval" "eval" "glm" 
"eval" "eval" "<Anonymous>" "model.frame.default" "stats::model.frame" "eval" "eval" "glm" 
"eval" "eval" "<Anonymous>" "model.frame.default" "stats::model.frame" "eval" "eval" "glm" 
"eval" "eval" "<Anonymous>" "model.frame.default" "stats::model.frame" "eval" "eval" "glm" 
"eval" "eval" "<Anonymous>" "model.frame.default" "stats::model.frame" "eval" "eval" "glm" 
"eval" "eval" "<Anonymous>" "model.frame.default" "stats::model.frame" "eval" "eval" "glm" 
"eval" "eval" "<Anonymous>" "model.frame.default" "stats::model.frame" "eval" "eval" "glm" 
"strsplit" "unlist" ".rs.deparseFunction" ".rs.simulateSourceRefs" "eval" "eval" "<Anonymous>" "model.frame.default" "stats::model.frame" "eval" "eval" "glm" 
"eval" "eval" "<Anonymous>" "model.frame.default" "stats::model.frame" "eval" "eval" "glm" 
"eval" "eval" "<Anonymous>" "model.frame.default" "stats::model.frame" "eval" "eval" "glm" 
"eval" "eval" "<Anonymous>" "model.frame.default" "stats::model.frame" "eval" "eval" "glm" 
"eval" "eval" "<Anonymous>" "model.frame.default" "stats::model.frame" "eval" "eval" "glm" 
"eval" "eval" "<Anonymous>" "model.frame.default" "stats::model.frame" "eval" "eval" "glm" 
"eval" "eval" "<Anonymous>" "model.frame.default" "stats::model.frame" "eval" "eval" "glm" 
"eval" "eval" "<Anonymous>" "model.frame.default" "stats::model.frame" "eval" "eval" "glm" 
"attr" ".rs.resolveContextSourceRefs" "eval" "eval" "<Anonymous>" "model.frame.default" "stats::model.frame" "eval" "eval" "glm" 
"eval" "eval" "<Anonymous>" "model.frame.default" "stats::model.frame" "eval" "eval" "glm" 
"eval" "eval" "<Anonymous>" "model.frame.default" "stats::model.frame" "eval" "eval" "glm" 
"eval" "eval" "<Anonymous>" "model.frame.default" "stats::model.frame" "eval" "eval" "glm" 
"eval" "eval" "<Anonymous>" "model.frame.default" "stats::model.frame" "eval" "eval" "glm" 
".rs.simulateSourceRefs" "eval" "eval" "<Anonymous>" "model.frame.default" "stats::model.frame" "eval" "eval" "glm" 
"substring" ".rs.deparseFunction" ".rs.simulateSourceRefs" "eval" "eval" "<Anonymous>" "model.frame.default" "stats::model.frame" "eval" "eval" "glm" 
"eval" "eval" "<Anonymous>" "model.frame.default" "stats::model.frame" "eval" "eval" "glm" 
"eval" "eval" "<Anonymous>" "model.frame.default" "stats::model.frame" "eval" "eval" "glm" 
"eval" "eval" "<Anonymous>" "model.frame.default" "stats::model.frame" "eval" "eval" "glm" 
"eval" "eval" "<Anonymous>" "model.frame.default" "stats::model.frame" "eval" "eval" "glm" 
"eval" "eval" "<Anonymous>" "model.frame.default" "stats::model.frame" "eval" "eval" "glm" 
"eval" "eval" "<Anonymous>" "model.frame.default" "stats::model.frame" "eval" "eval" "glm" 
"eval" "eval" "<Anonymous>" "model.frame.default" "stats::model.frame" "eval" "eval" "glm" 
"eval" "eval" "<Anonymous>" "model.frame.default" "stats::model.frame" "eval" "eval" "glm" 
"eval" "eval" "<Anonymous>" "model.frame.default" "stats::model.frame" "eval" "eval" "glm" 
"eval" "eval" "<Anonymous>" "model.frame.default" "stats::model.frame" "eval" "eval" "glm" 
"eval" "eval" "<Anonymous>" "model.frame.default" "stats::model.frame" "eval" "eval" "glm" 
"eval" "eval" "<Anonymous>" "model.frame.default" "stats::model.frame" "eval" "eval" "glm" 
"eval" "eval" "<Anonymous>" "model.frame.default" "stats::model.frame" "eval" "eval" "glm" 
"eval" "eval" "<Anonymous>" "model.frame.default" "stats::model.frame" "eval" "eval" "glm" 
"eval" "eval" "<Anonymous>" "model.frame.default" "stats::model.frame" "eval" "eval" "glm" 
"eval" "eval" "<Anonymous>" "model.frame.default" "stats::model.frame" "eval" "eval" "glm" 
"eval" "eval" "<Anonymous>" "model.frame.default" "stats::model.frame" "eval" "eval" "glm" 
"eval" "eval" "<Anonymous>" "model.frame.default" "stats::model.frame" "eval" "eval" "glm" 
"eval" "eval" "<Anonymous>" "model.frame.default" "stats::model.frame" "eval" "eval" "glm" 
"eval" "eval" "<Anonymous>" "model.frame.default" "stats::model.frame" "eval" "eval" "glm" 
"readRDS" "FUN" "lapply" ".rs.getCompletionsHelp" ".rs.rpc.get_completions" "eval" "eval" "<Anonymous>" "model.frame.default" "stats::model.frame" "eval" "eval" "glm" 
".rs.startsWith" ".rs.fuzzyMatches" ".rs.selectFuzzyMatches" "FUN" "lapply" ".rs.getCompletionsHelp" ".rs.rpc.get_completions" "eval" "eval" "<Anonymous>" "model.frame.default" "stats::model.frame" "eval" "eval" "glm" 
"agrep" "search_fun" "search_db_field" "rbind" "help.search" "eval" "eval" "?" "eval" "eval" "<Anonymous>" "model.frame.default" "stats::model.frame" "eval" "eval" "glm" 
"agrep" "search_fun" "search_db_field" "rbind" "help.search" "eval" "eval" "?" "eval" "eval" "<Anonymous>" "model.frame.default" "stats::model.frame" "eval" "eval" "glm" 
"agrep" "search_fun" "search_db_field" "rbind" "help.search" "eval" "eval" "?" "eval" "eval" "<Anonymous>" "model.frame.default" "stats::model.frame" "eval" "eval" "glm" 
"agrep" "search_fun" "search_db_field" "rbind" "rbind" "help.search" "eval" "eval" "?" "eval" "eval" "<Anonymous>" "model.frame.default" "stats::model.frame" "eval" "eval" "glm" 
"deparse" ".rs.deparseFunction" ".rs.simulateSourceRefs" "eval" "eval" "<Anonymous>" "model.frame.default" "stats::model.frame" "eval" "eval" "glm" 
"eval" "eval" "<Anonymous>" "model.frame.default" "stats::model.frame" "eval" "eval" "glm" 
"eval" "eval" "<Anonymous>" "model.frame.default" "stats::model.frame" "eval" "eval" "glm" 
"eval" "eval" "<Anonymous>" "model.frame.default" "stats::model.frame" "eval" "eval" "glm" 
"eval" "eval" "<Anonymous>" "model.frame.default" "stats::model.frame" "eval" "eval" "glm" 
"eval" "eval" "<Anonymous>" "model.frame.default" "stats::model.frame" "eval" "eval" "glm" 
"eval" "eval" "<Anonymous>" "model.frame.default" "stats::model.frame" "eval" "eval" "glm" 
"eval" "eval" "<Anonymous>" "model.frame.default" "stats::model.frame" "eval" "eval" "glm" 
"eval" "eval" "<Anonymous>" "model.frame.default" "stats::model.frame" "eval" "eval" "glm" 
"eval" "eval" "<Anonymous>" "model.frame.default" "stats::model.frame" "eval" "eval" "glm" 
"eval" "eval" "<Anonymous>" "model.frame.default" "stats::model.frame" "eval" "eval" "glm" 
"eval" "eval" "<Anonymous>" "model.frame.default" "stats::model.frame" "eval" "eval" "glm" 
"eval" "eval" "<Anonymous>" "model.frame.default" "stats::model.frame" "eval" "eval" "glm" 
"eval" "eval" "<Anonymous>" "model.frame.default" "stats::model.frame" "eval" "eval" "glm" 
"eval" "eval" "<Anonymous>" "model.frame.default" "stats::model.frame" "eval" "eval" "glm" 
"eval" "eval" "<Anonymous>" "model.frame.default" "stats::model.frame" "eval" "eval" "glm" 
"eval" "eval" "<Anonymous>" "model.frame.default" "stats::model.frame" "eval" "eval" "glm" 
"eval" "eval" "<Anonymous>" "model.frame.default" "stats::model.frame" "eval" "eval" "glm" 
"lapply" ".rs.objectsOnSearchPath" ".rs.getCompletionsSearchPath" "Reduce" ".rs.rpc.get_completions" "eval" "eval" "<Anonymous>" "model.frame.default" "stats::model.frame" "eval" "eval" "glm" 
"eval" "eval" "<Anonymous>" "model.frame.default" "stats::model.frame" "eval" "eval" "glm" 
".rs.getHelpFromObject" ".rs.getHelpFunction" "impl" ".rs.rpc.get_help" "eval" "eval" "<Anonymous>" "model.frame.default" "stats::model.frame" "eval" "eval" "glm" 
"eval" "eval" "<Anonymous>" "model.frame.default" "stats::model.frame" "eval" "eval" "glm" 
"eval" "eval" "<Anonymous>" "model.frame.default" "stats::model.frame" "eval" "eval" "glm" 
"eval" "eval" "<Anonymous>" "model.frame.default" "stats::model.frame" "eval" "eval" "glm" 
"eval" "eval" "<Anonymous>" "model.frame.default" "stats::model.frame" "eval" "eval" "glm" 
"grid.Call.graphics" "drawDetails.rect" "drawDetails" "drawGrob" "recordGraphics" "grid.draw.grob" "grid.draw" "drawGTree" "recordGraphics" "grid.draw.gTree" "grid.draw" "drawGTree" "recordGraphics" "grid.draw.gTree" "grid.draw" "drawGTree" "recordGraphics" "grid.draw.gTree" "grid.draw" "drawGTree" ".Call" "doTryCatch" "tryCatchOne" "tryCatchList" "tryCatch" ".rs.GEplayDisplayList" "eval" "eval" "<Anonymous>" "model.frame.default" "stats::model.frame" "eval" "eval" "glm" 
"valid.viewport" "viewport" "makeContext.gtable" "makeContext" "preDraw.gTree" "preDraw" "drawGTree" "recordGraphics" "grid.draw.gTree" "grid.draw" "drawGTree" "recordGraphics" "grid.draw.gTree" "NextMethod" "grid.draw.absoluteGrob" "grid.draw" "drawGTree" "recordGraphics" "grid.draw.gTree" "grid.draw" "drawGTree" ".Call" "doTryCatch" "tryCatchOne" "tryCatchList" "tryCatch" ".rs.GEplayDisplayList" "eval" "eval" "<Anonymous>" "model.frame.default" "stats::model.frame" "eval" "eval" "glm" 
"save" ".rs.saveGraphics" "eval" "eval" "<Anonymous>" "model.frame.default" "stats::model.frame" "eval" "eval" "glm" 
"simplify2array" "sapply" "gList" "setChildren" "gTree" "grobTree" "<Anonymous>" "mapply" "makeContent.gtable" "makeContent" "drawGTree" ".Call" "doTryCatch" "tryCatchOne" "tryCatchList" "tryCatch" ".rs.GEcopyDisplayList" "eval" "eval" "<Anonymous>" "model.frame.default" "stats::model.frame" "eval" "eval" "glm" 
"is.pattern" "set.gpar" "push.vp.viewport" "FUN" "lapply" "pushViewport" "pushgrobvp.viewport" "pushgrobvp" "pushvpgp" "preDraw.gTree" "preDraw" "drawGTree" "recordGraphics" "grid.draw.gTree" "grid.draw" "drawGTree" ".Call" "doTryCatch" "tryCatchOne" "tryCatchList" "tryCatch" ".rs.GEcopyDisplayList" "eval" "eval" "<Anonymous>" "model.frame.default" "stats::model.frame" "eval" "eval" "glm" 
"grid.Call.graphics" "drawDetails.points" "drawDetails" "drawGrob" "recordGraphics" "grid.draw.grob" "grid.draw" "drawGTree" "recordGraphics" "grid.draw.gTree" "grid.draw" "drawGTree" "recordGraphics" "grid.draw.gTree" "grid.draw" "drawGTree" ".Call" "doTryCatch" "tryCatchOne" "tryCatchList" "tryCatch" ".rs.GEcopyDisplayList" "eval" "eval" "<Anonymous>" "model.frame.default" "stats::model.frame" "eval" "eval" "glm" 
"eval" "eval" "<Anonymous>" "model.frame.default" "stats::model.frame" "eval" "eval" "glm" 
"eval" "eval" "<Anonymous>" "model.frame.default" "stats::model.frame" "eval" "eval" "glm" 
"postDraw.grob" "postDraw" "drawGrob" "recordGraphics" "grid.draw.grob" "grid.draw" "drawGTree" "recordGraphics" "grid.draw.gTree" "grid.draw" "drawGTree" "recordGraphics" "grid.draw.gTree" "grid.draw" "drawGTree" "recordGraphics" "grid.draw.gTree" "grid.draw" "drawGTree" ".Call" "doTryCatch" "tryCatchOne" "tryCatchList" "tryCatch" ".rs.GEplayDisplayList" "eval" "eval" "<Anonymous>" "model.frame.default" "stats::model.frame" "eval" "eval" "glm" 
"length" "check.length" "validGP" "set.gpar" "pushvpgp" "preDraw.grob" "preDraw" "drawGrob" "recordGraphics" "grid.draw.grob" "grid.draw" "drawGTree" "recordGraphics" "grid.draw.gTree" "grid.draw" "drawGTree" "recordGraphics" "grid.draw.gTree" "grid.draw" "drawGTree" "recordGraphics" "grid.draw.gTree" "NextMethod" "grid.draw.absoluteGrob" "grid.draw" "drawGTree" "recordGraphics" "grid.draw.gTree" "grid.draw" "drawGTree" ".Call" "doTryCatch" "tryCatchOne" "tryCatchList" "tryCatch" ".rs.GEplayDisplayList" "eval" "eval" "<Anonymous>" "model.frame.default" "stats::model.frame" "eval" "eval" "glm" 
"save" ".rs.saveGraphics" "eval" "eval" "<Anonymous>" "model.frame.default" "stats::model.frame" "eval" "eval" "glm" 
"unlist" "simplify2array" "sapply" "gList" "setChildren" "gTree" "grobTree" "<Anonymous>" "mapply" "makeContent.gtable" "makeContent" "drawGTree" ".Call" "doTryCatch" "tryCatchOne" "tryCatchList" "tryCatch" ".rs.GEcopyDisplayList" "eval" "eval" "<Anonymous>" "model.frame.default" "stats::model.frame" "eval" "eval" "glm" 
"sys.function" "formals" "match.arg" "order" "do.call" "setChildren" "makeContent.gtable" "makeContent" "drawGTree" "recordGraphics" "grid.draw.gTree" "grid.draw" "drawGTree" "recordGraphics" "grid.draw.gTree" "NextMethod" "grid.draw.absoluteGrob" "grid.draw" "drawGTree" "recordGraphics" "grid.draw.gTree" "grid.draw" "drawGTree" ".Call" "doTryCatch" "tryCatchOne" "tryCatchList" "tryCatch" ".rs.GEcopyDisplayList" "eval" "eval" "<Anonymous>" "model.frame.default" "stats::model.frame" "eval" "eval" "glm" 
"grid.Call.graphics" "drawDetails.rect" "drawDetails" "drawGrob" "recordGraphics" "grid.draw.grob" "grid.draw" "drawGTree" "recordGraphics" "grid.draw.gTree" "grid.draw" "drawGTree" ".Call" "doTryCatch" "tryCatchOne" "tryCatchList" "tryCatch" ".rs.GEcopyDisplayList" "eval" "eval" "<Anonymous>" "model.frame.default" "stats::model.frame" "eval" "eval" "glm" 
"eval" "eval" "<Anonymous>" "model.frame.default" "stats::model.frame" "eval" "eval" "glm" 
"eval" "eval" "<Anonymous>" "model.frame.default" "stats::model.frame" "eval" "eval" "glm" 
"eval" "eval" "<Anonymous>" "model.frame.default" "stats::model.frame" "eval" "eval" "glm" 
"gsub" ".rs.fuzzyMatches" ".rs.getCompletionsSearchPath" "Reduce" ".rs.rpc.get_completions" "eval" "eval" "<Anonymous>" "model.frame.default" "stats::model.frame" "eval" "eval" "glm" 
"ls" "FUN" "lapply" ".rs.objectsOnSearchPath" ".rs.getCompletionsSearchPath" "Reduce" ".rs.rpc.get_completions" "eval" "eval" "<Anonymous>" "model.frame.default" "stats::model.frame" "eval" "eval" "glm" 
"mget" "doTryCatch" "tryCatchOne" "tryCatchList" "tryCatch" ".rs.getHelpFromObject" ".rs.getHelpFunction" "impl" ".rs.rpc.get_help" "eval" "eval" "<Anonymous>" "model.frame.default" "stats::model.frame" "eval" "eval" "glm" 
"gsub" "psub" "addParaBreaks" "writeLines" "writeLinesUTF8" "of1" "writeBlock" "writeContent" "writeSection" "Rd2HTML" "tools:::httpd" "withCallingHandlers" "suppressWarnings" ".rs.getHelp" ".rs.getHelpFromObject" ".rs.getHelpFunction" "impl" ".rs.rpc.get_help" "eval" "eval" "<Anonymous>" "model.frame.default" "stats::model.frame" "eval" "eval" "glm" 
"eval" "eval" "<Anonymous>" "model.frame.default" "stats::model.frame" "eval" "eval" "glm" 
"eval" "eval" "<Anonymous>" "model.frame.default" "stats::model.frame" "eval" "eval" "glm" 
"ls" "FUN" "lapply" ".rs.objectsOnSearchPath" ".rs.getCompletionsSearchPath" "Reduce" ".rs.rpc.get_completions" "eval" "eval" "<Anonymous>" "model.frame.default" "stats::model.frame" "eval" "eval" "glm" 
"eval" "eval" "<Anonymous>" "model.frame.default" "stats::model.frame" "eval" "eval" "glm" 
"eval" "eval" "<Anonymous>" "model.frame.default" "stats::model.frame" "eval" "eval" "glm" 
"eval" "eval" "<Anonymous>" "model.frame.default" "stats::model.frame" "eval" "eval" "glm" 
"eval" "eval" "<Anonymous>" "model.frame.default" "stats::model.frame" "eval" "eval" "glm" 
"gsub" ".rs.fuzzyMatches" ".rs.getCompletionsSearchPath" "Reduce" ".rs.rpc.get_completions" "eval" "eval" "<Anonymous>" "model.frame.default" "stats::model.frame" "eval" "eval" "glm" 
"eval" "eval" "<Anonymous>" "model.frame.default" "stats::model.frame" "eval" "eval" "glm" 
".Call" ".rs.getKnitParamsForDocument" ".rs.injectKnitrParamsObject" ".rs.rpc.get_completions" "eval" "eval" "<Anonymous>" "model.frame.default" "stats::model.frame" "eval" "eval" "glm" 
"nchar" ".rs.startsWith" ".rs.fuzzyMatches" ".rs.getCompletionsSearchPath" "Reduce" ".rs.rpc.get_completions" "eval" "eval" "<Anonymous>" "model.frame.default" "stats::model.frame" "eval" "eval" "glm" 
"as.list.default" "as.list" ".rs.getHelpFromObject" ".rs.getHelpFunction" "impl" ".rs.rpc.get_help" "eval" "eval" "<Anonymous>" "model.frame.default" "stats::model.frame" "eval" "eval" "glm" 
"paste0" "writeLines" "writeLinesUTF8" "of1" "of0" "writeBlock" "writeContent" "writeSection" "Rd2HTML" "tools:::httpd" "withCallingHandlers" "suppressWarnings" ".rs.getHelp" ".rs.getHelpFromObject" ".rs.getHelpFunction" "impl" ".rs.rpc.get_help" "eval" "eval" "<Anonymous>" "model.frame.default" "stats::model.frame" "eval" "eval" "glm" 
"eval" "eval" "<Anonymous>" "model.frame.default" "stats::model.frame" "eval" "eval" "glm" 
"eval" "eval" "<Anonymous>" "model.frame.default" "stats::model.frame" "eval" "eval" "glm" 
"eval" "eval" "<Anonymous>" "model.frame.default" "stats::model.frame" "eval" "eval" "glm" 
"eval" "eval" "<Anonymous>" "model.frame.default" "stats::model.frame" "eval" "eval" "glm" 
"eval" "eval" "<Anonymous>" "model.frame.default" "stats::model.frame" "eval" "eval" "glm" 
"eval" "eval" "<Anonymous>" "model.frame.default" "stats::model.frame" "eval" "eval" "glm" 
"eval" "eval" "<Anonymous>" "model.frame.default" "stats::model.frame" "eval" "eval" "glm" 
"eval" "eval" "<Anonymous>" "model.frame.default" "stats::model.frame" "eval" "eval" "glm" 
"ls" "FUN" "lapply" ".rs.objectsOnSearchPath" ".rs.getCompletionsSearchPath" "Reduce" ".rs.rpc.get_completions" "eval" "eval" "<Anonymous>" "model.frame.default" "stats::model.frame" "eval" "eval" "glm" 
"eval" "eval" "<Anonymous>" "model.frame.default" "stats::model.frame" "eval" "eval" "glm" 
"isFALSE" "addParaBreaks" "writeLines" "writeLinesUTF8" "of1" "writeBlock" "writeContent" "writeHref" "writeLink" "writeBlock" "writeContent" "writeWrapped" "writeBlock" "writeContent" "writeSection" "Rd2HTML" "tools:::httpd" "withCallingHandlers" "suppressWarnings" ".rs.getHelp" ".rs.getHelpFromObject" ".rs.getHelpFunction" "impl" ".rs.rpc.get_help" "eval" "eval" "<Anonymous>" "model.frame.default" "stats::model.frame" "eval" "eval" "glm" 
"doTryCatch" "tryCatchOne" "tryCatchList" "tryCatch" ".rs.getHelpFromObject" ".rs.getHelpFunction" "impl" ".rs.rpc.get_help" "eval" "eval" "<Anonymous>" "model.frame.default" "stats::model.frame" "eval" "eval" "glm" 
"eval" "eval" "<Anonymous>" "model.frame.default" "stats::model.frame" "eval" "eval" "glm" 
"eval" "eval" "<Anonymous>" "model.frame.default" "stats::model.frame" "eval" "eval" "glm" 
"eval" "eval" "<Anonymous>" "model.frame.default" "stats::model.frame" "eval" "eval" "glm" 
"eval" "eval" "<Anonymous>" "model.frame.default" "stats::model.frame" "eval" "eval" "glm" 
"ls" "FUN" "lapply" ".rs.objectsOnSearchPath" ".rs.getCompletionsSearchPath" "Reduce" ".rs.rpc.get_completions" "eval" "eval" "<Anonymous>" "model.frame.default" "stats::model.frame" "eval" "eval" "glm" 
"eval" "eval" "<Anonymous>" "model.frame.default" "stats::model.frame" "eval" "eval" "glm" 
"eval" "eval" "<Anonymous>" "model.frame.default" "stats::model.frame" "eval" "eval" "glm" 
"eval" "eval" "<Anonymous>" "model.frame.default" "stats::model.frame" "eval" "eval" "glm" 
"eval" "eval" "<Anonymous>" "model.frame.default" "stats::model.frame" "eval" "eval" "glm" 
"eval" "eval" "<Anonymous>" "model.frame.default" "stats::model.frame" "eval" "eval" "glm" 
"eval" "eval" "<Anonymous>" "model.frame.default" "stats::model.frame" "eval" "eval" "glm" 
"eval" "eval" "<Anonymous>" "model.frame.default" "stats::model.frame" "eval" "eval" "glm" 
"ls" "FUN" "lapply" ".rs.objectsOnSearchPath" ".rs.getCompletionsSearchPath" "Reduce" ".rs.rpc.get_completions" "eval" "eval" "<Anonymous>" "model.frame.default" "stats::model.frame" "eval" "eval" "glm" 
"eval" "eval" "<Anonymous>" "model.frame.default" "stats::model.frame" "eval" "eval" "glm" 
"eval" "eval" "<Anonymous>" "model.frame.default" "stats::model.frame" "eval" "eval" "glm" 
"eval" "eval" "<Anonymous>" "model.frame.default" "stats::model.frame" "eval" "eval" "glm" 
"ls" "FUN" "lapply" ".rs.objectsOnSearchPath" ".rs.getCompletionsSearchPath" "Reduce" ".rs.rpc.get_completions" "eval" "eval" "<Anonymous>" "model.frame.default" "stats::model.frame" "eval" "eval" "glm" 
"eval" "eval" "<Anonymous>" "model.frame.default" "stats::model.frame" "eval" "eval" "glm" 
"eval" "eval" "<Anonymous>" "model.frame.default" "stats::model.frame" "eval" "eval" "glm" 
"ls" "FUN" "lapply" ".rs.objectsOnSearchPath" ".rs.getCompletionsSearchPath" "Reduce" ".rs.rpc.get_completions" "eval" "eval" "<Anonymous>" "model.frame.default" "stats::model.frame" "eval" "eval" "glm" 
"eval" "eval" "<Anonymous>" "model.frame.default" "stats::model.frame" "eval" "eval" "glm" 
".rs.parsePackageDependencies" ".rs.discoverPackageDependencies" ".rs.rpc.discover_package_dependencies" "eval" "eval" "<Anonymous>" "model.frame.default" "stats::model.frame" "eval" "eval" "glm" 
"eval" "eval" "<Anonymous>" "model.frame.default" "stats::model.frame" "eval" "eval" "glm" 
"eval" "eval" "<Anonymous>" "model.frame.default" "stats::model.frame" "eval" "eval" "glm" 
"eval" "eval" "<Anonymous>" "model.frame.default" "stats::model.frame" "eval" "eval" "glm" 
"eval" "eval" "<Anonymous>" "model.frame.default" "stats::model.frame" "eval" "eval" "glm" 
"eval" "eval" "<Anonymous>" "model.frame.default" "stats::model.frame" "eval" "eval" "glm" 
"eval" "eval" "<Anonymous>" "model.frame.default" "stats::model.frame" "eval" "eval" "glm" 
"eval" "eval" "<Anonymous>" "model.frame.default" "stats::model.frame" "eval" "eval" "glm" 
"eval" "eval" "<Anonymous>" "model.frame.default" "stats::model.frame" "eval" "eval" "glm" 
"eval" "eval" "<Anonymous>" "model.frame.default" "stats::model.frame" "eval" "eval" "glm" 
"eval" "eval" "<Anonymous>" "model.frame.default" "stats::model.frame" "eval" "eval" "glm" 
"eval" "eval" "<Anonymous>" "model.frame.default" "stats::model.frame" "eval" "eval" "glm" 
"eval" "eval" "<Anonymous>" "model.frame.default" "stats::model.frame" "eval" "eval" "glm" 
"eval" "eval" "<Anonymous>" "model.frame.default" "stats::model.frame" "eval" "eval" "glm" 
"eval" "eval" "<Anonymous>" "model.frame.default" "stats::model.frame" "eval" "eval" "glm" 
"eval" "eval" "<Anonymous>" "model.frame.default" "stats::model.frame" "eval" "eval" "glm" 
"eval" "eval" "<Anonymous>" "model.frame.default" "stats::model.frame" "eval" "eval" "glm" 
"eval" "eval" "<Anonymous>" "model.frame.default" "stats::model.frame" "eval" "eval" "glm" 
"eval" "eval" "<Anonymous>" "model.frame.default" "stats::model.frame" "eval" "eval" "glm" 
"eval" "eval" "<Anonymous>" "model.frame.default" "stats::model.frame" "eval" "eval" "glm" 
"ls" "FUN" "lapply" ".rs.objectsOnSearchPath" ".rs.getCompletionsSearchPath" "Reduce" ".rs.rpc.get_completions" "eval" "eval" "<Anonymous>" "model.frame.default" "stats::model.frame" "eval" "eval" "glm" 
"tolower" "nchar" ".rs.startsWith" ".rs.fuzzyMatches" ".rs.getCompletionsSearchPath" "Reduce" ".rs.rpc.get_completions" "eval" "eval" "<Anonymous>" "model.frame.default" "stats::model.frame" "eval" "eval" "glm" 
"eval" "eval" "<Anonymous>" "model.frame.default" "stats::model.frame" "eval" "eval" "glm" 
"eval" "eval" "<Anonymous>" "model.frame.default" "stats::model.frame" "eval" "eval" "glm" 
"eval" "eval" "<Anonymous>" "model.frame.default" "stats::model.frame" "eval" "eval" "glm" 
"doTryCatch" "tryCatchOne" "tryCatchList" "tryCatch" "base::try" "withCallingHandlers" "base::suppressWarnings" "eval" "eval" "<Anonymous>" "model.frame.default" "stats::model.frame" "eval" "eval" "glm" 
"eval" "eval" "<Anonymous>" "model.frame.default" "stats::model.frame" "eval" "eval" "glm" 
"lapply" "unlist" ".rs.getCompletionsSearchPath" "Reduce" ".rs.rpc.get_completions" "eval" "eval" "<Anonymous>" "model.frame.default" "stats::model.frame" "eval" "eval" "glm" 
"ls" "FUN" "lapply" ".rs.objectsOnSearchPath" ".rs.getCompletionsSearchPath" "Reduce" ".rs.rpc.get_completions" "eval" "eval" "<Anonymous>" "model.frame.default" "stats::model.frame" "eval" "eval" "glm" 
"ls" "FUN" "lapply" ".rs.objectsOnSearchPath" ".rs.getCompletionsSearchPath" "Reduce" ".rs.rpc.get_completions" "eval" "eval" "<Anonymous>" "model.frame.default" "stats::model.frame" "eval" "eval" "glm" 
".rs.makeCompletions" ".rs.emptyCompletions" ".rs.getCompletionsNAMESPACE" "Reduce" ".rs.rpc.get_completions" "eval" "eval" "<Anonymous>" "model.frame.default" "stats::model.frame" "eval" "eval" "glm" 
"ls" "FUN" "lapply" ".rs.objectsOnSearchPath" ".rs.getCompletionsSearchPath" "Reduce" ".rs.rpc.get_completions" "eval" "eval" "<Anonymous>" "model.frame.default" "stats::model.frame" "eval" "eval" "glm" 
"eval" "eval" "<Anonymous>" "model.frame.default" "stats::model.frame" "eval" "eval" "glm" 
"gsub" ".rs.fuzzyMatches" ".rs.getCompletionsSearchPath" "Reduce" ".rs.rpc.get_completions" "eval" "eval" "<Anonymous>" "model.frame.default" "stats::model.frame" "eval" "eval" "glm" 
"eval" "eval" "<Anonymous>" "model.frame.default" "stats::model.frame" "eval" "eval" "glm" 
"eval" "eval" "<Anonymous>" "model.frame.default" "stats::model.frame" "eval" "eval" "glm" 
"ls" "FUN" "lapply" ".rs.objectsOnSearchPath" ".rs.getCompletionsSearchPath" "Reduce" ".rs.rpc.get_completions" "eval" "eval" "<Anonymous>" "model.frame.default" "stats::model.frame" "eval" "eval" "glm" 
"objects" ".rs.getHelpFromObject" ".rs.getHelpFunction" "impl" ".rs.rpc.get_help" "eval" "eval" "<Anonymous>" "model.frame.default" "stats::model.frame" "eval" "eval" "glm" 
"gzfile" "readRDS" "tools:::httpd" "withCallingHandlers" "suppressWarnings" ".rs.getHelp" ".rs.getHelpFromObject" ".rs.getHelpFunction" "impl" ".rs.rpc.get_help" "eval" "eval" "<Anonymous>" "model.frame.default" "stats::model.frame" "eval" "eval" "glm" 
"unlink" "tools:::httpd" "withCallingHandlers" "suppressWarnings" ".rs.getHelp" ".rs.getHelpFromObject" ".rs.getHelpFunction" "impl" ".rs.rpc.get_help" "eval" "eval" "<Anonymous>" "model.frame.default" "stats::model.frame" "eval" "eval" "glm" 
"eval" "eval" "<Anonymous>" "model.frame.default" "stats::model.frame" "eval" "eval" "glm" 
".rs.getRCompletions" ".rs.appendCompletions" ".rs.rpc.get_completions" "eval" "eval" "<Anonymous>" "model.frame.default" "stats::model.frame" "eval" "eval" "glm" 
"tolower" "nchar" ".rs.startsWith" ".rs.fuzzyMatches" ".rs.getCompletionsSearchPath" "Reduce" ".rs.rpc.get_completions" "eval" "eval" "<Anonymous>" "model.frame.default" "stats::model.frame" "eval" "eval" "glm" 
".rs.objectsOnSearchPath" ".rs.getCompletionsSearchPath" "Reduce" ".rs.rpc.get_completions" "eval" "eval" "<Anonymous>" "model.frame.default" "stats::model.frame" "eval" "eval" "glm" 
"ls" "FUN" "lapply" ".rs.objectsOnSearchPath" ".rs.getCompletionsSearchPath" "Reduce" ".rs.rpc.get_completions" "eval" "eval" "<Anonymous>" "model.frame.default" "stats::model.frame" "eval" "eval" "glm" 
"eval" "eval" "<Anonymous>" "model.frame.default" "stats::model.frame" "eval" "eval" "glm" 
"ls" "FUN" "lapply" ".rs.objectsOnSearchPath" ".rs.getCompletionsSearchPath" "Reduce" ".rs.rpc.get_completions" "eval" "eval" "<Anonymous>" "model.frame.default" "stats::model.frame" "eval" "eval" "glm" 
"eval" "eval" "<Anonymous>" "model.frame.default" "stats::model.frame" "eval" "eval" "glm" 
"FUN" "lapply" "unlist" ".rs.getCompletionsSearchPath" "Reduce" ".rs.rpc.get_completions" "eval" "eval" "<Anonymous>" "model.frame.default" "stats::model.frame" "eval" "eval" "glm" 
"ls" "FUN" "lapply" ".rs.objectsOnSearchPath" ".rs.getCompletionsSearchPath" "Reduce" ".rs.rpc.get_completions" "eval" "eval" "<Anonymous>" "model.frame.default" "stats::model.frame" "eval" "eval" "glm" 
"eval" "eval" "<Anonymous>" "model.frame.default" "stats::model.frame" "eval" "eval" "glm" 
"eval" "eval" "<Anonymous>" "model.frame.default" "stats::model.frame" "eval" "eval" "glm" 
"eval" "eval" "<Anonymous>" "model.frame.default" "stats::model.frame" "eval" "eval" "glm" 
"FUN" "lapply" "unlist" ".rs.getCompletionsSearchPath" "Reduce" ".rs.rpc.get_completions" "eval" "eval" "<Anonymous>" "model.frame.default" "stats::model.frame" "eval" "eval" "glm" 
"path.package" "data" "withCallingHandlers" "suppressWarnings" "doTryCatch" "tryCatchOne" "tryCatchList" "tryCatch" ".rs.getHelpFromObject" ".rs.getHelpFunction" "impl" ".rs.rpc.get_help" "eval" "eval" "<Anonymous>" "model.frame.default" "stats::model.frame" "eval" "eval" "glm" 
"strsplit" "FUN" "vapply" "utils::URLencode" "is.factor" "gsub" "string2id" "tag2id" "writeItemAsCode" "writeContent" "writeSection" "Rd2HTML" "tools:::httpd" "withCallingHandlers" "suppressWarnings" ".rs.getHelp" ".rs.getHelpFromObject" ".rs.getHelpFunction" "impl" ".rs.rpc.get_help" "eval" "eval" "<Anonymous>" "model.frame.default" "stats::model.frame" "eval" "eval" "glm" 
"eval" "eval" "<Anonymous>" "model.frame.default" "stats::model.frame" "eval" "eval" "glm" 
"eval" "eval" "<Anonymous>" "model.frame.default" "stats::model.frame" "eval" "eval" "glm" 
"eval" "eval" "<Anonymous>" "model.frame.default" "stats::model.frame" "eval" "eval" "glm" 
"eval" "eval" "<Anonymous>" "model.frame.default" "stats::model.frame" "eval" "eval" "glm" 
"FUN" "lapply" ".rs.objectsOnSearchPath" ".rs.getCompletionsSearchPath" "Reduce" ".rs.rpc.get_completions" "eval" "eval" "<Anonymous>" "model.frame.default" "stats::model.frame" "eval" "eval" "glm" 
".rs.makeCompletions" ".rs.emptyCompletions" ".rs.getCompletionsFunction" ".rs.getRCompletions" ".rs.appendCompletions" ".rs.rpc.get_completions" "eval" "eval" "<Anonymous>" "model.frame.default" "stats::model.frame" "eval" "eval" "glm" 
"substring" ".rs.startsWith" ".rs.fuzzyMatches" ".rs.getCompletionsSearchPath" "Reduce" ".rs.rpc.get_completions" "eval" "eval" "<Anonymous>" "model.frame.default" "stats::model.frame" "eval" "eval" "glm" 
"ls" "FUN" "lapply" ".rs.objectsOnSearchPath" ".rs.getCompletionsSearchPath" "Reduce" ".rs.rpc.get_completions" "eval" "eval" "<Anonymous>" "model.frame.default" "stats::model.frame" "eval" "eval" "glm" 
"eval" "eval" "<Anonymous>" "model.frame.default" "stats::model.frame" "eval" "eval" "glm" 
"eval" "eval" "<Anonymous>" "model.frame.default" "stats::model.frame" "eval" "eval" "glm" 
"ls" "FUN" "lapply" ".rs.objectsOnSearchPath" ".rs.getCompletionsSearchPath" "Reduce" ".rs.rpc.get_completions" "eval" "eval" "<Anonymous>" "model.frame.default" "stats::model.frame" "eval" "eval" "glm" 
"withCallingHandlers" "base::suppressWarnings" "eval" "eval" "<Anonymous>" "model.frame.default" "stats::model.frame" "eval" "eval" "glm" 
"eval" "eval" "<Anonymous>" "model.frame.default" "stats::model.frame" "eval" "eval" "glm" 
"eval" "eval" "<Anonymous>" "model.frame.default" "stats::model.frame" "eval" "eval" "glm" 
"eval" "eval" "<Anonymous>" "model.frame.default" "stats::model.frame" "eval" "eval" "glm" 
"eval" "eval" "<Anonymous>" "model.frame.default" "stats::model.frame" "eval" "eval" "glm" 
"eval" "eval" "<Anonymous>" "model.frame.default" "stats::model.frame" "eval" "eval" "glm" 
"eval" "eval" "<Anonymous>" "model.frame.default" "stats::model.frame" "eval" "eval" "glm" 
"eval" "eval" "<Anonymous>" "model.frame.default" "stats::model.frame" "eval" "eval" "glm" 
"eval" "eval" "<Anonymous>" "model.frame.default" "stats::model.frame" "eval" "eval" "glm" 
"eval" "eval" "<Anonymous>" "model.frame.default" "stats::model.frame" "eval" "eval" "glm" 
"eval" "eval" "<Anonymous>" "model.frame.default" "stats::model.frame" "eval" "eval" "glm" 
"eval" "eval" "<Anonymous>" "model.frame.default" "stats::model.frame" "eval" "eval" "glm" 
"eval" "eval" "<Anonymous>" "model.frame.default" "stats::model.frame" "eval" "eval" "glm" 
"eval" "eval" "<Anonymous>" "model.frame.default" "stats::model.frame" "eval" "eval" "glm" 
"eval" "eval" "<Anonymous>" "model.frame.default" "stats::model.frame" "eval" "eval" "glm" 
"eval" "eval" "<Anonymous>" "model.frame.default" "stats::model.frame" "eval" "eval" "glm" 
"eval" "eval" "<Anonymous>" "model.frame.default" "stats::model.frame" "eval" "eval" "glm" 
"eval" "eval" "<Anonymous>" "model.frame.default" "stats::model.frame" "eval" "eval" "glm" 
"ls" "FUN" "lapply" ".rs.objectsOnSearchPath" ".rs.getCompletionsSearchPath" "Reduce" ".rs.rpc.get_completions" "eval" "eval" "<Anonymous>" "model.frame.default" "stats::model.frame" "eval" "eval" "glm" 
"ls" "FUN" "lapply" ".rs.objectsOnSearchPath" ".rs.getCompletionsSearchPath" "Reduce" ".rs.rpc.get_completions" "eval" "eval" "<Anonymous>" "model.frame.default" "stats::model.frame" "eval" "eval" "glm" 
"eval" "eval" "<Anonymous>" "model.frame.default" "stats::model.frame" "eval" "eval" "glm" 
"eval" "eval" "<Anonymous>" "model.frame.default" "stats::model.frame" "eval" "eval" "glm" 
"eval" "eval" "<Anonymous>" "model.frame.default" "stats::model.frame" "eval" "eval" "glm" 
"eval" "eval" "<Anonymous>" "model.frame.default" "stats::model.frame" "eval" "eval" "glm" 
"eval" "eval" "<Anonymous>" "model.frame.default" "stats::model.frame" "eval" "eval" "glm" 
"eval" "eval" "<Anonymous>" "model.frame.default" "stats::model.frame" "eval" "eval" "glm" 
"max" "substring" "paste" ".rs.deparseFunction" ".rs.simulateSourceRefs" "eval" "eval" "<Anonymous>" "model.frame.default" "stats::model.frame" "eval" "eval" "glm" 
"eval" "eval" "<Anonymous>" "model.frame.default" "stats::model.frame" "eval" "eval" "glm" 
"eval" "eval" "<Anonymous>" "model.frame.default" "stats::model.frame" "eval" "eval" "glm" 
"eval" "eval" "<Anonymous>" "model.frame.default" "stats::model.frame" "eval" "eval" "glm" 
"ls" "FUN" "lapply" ".rs.objectsOnSearchPath" ".rs.getCompletionsSearchPath" "Reduce" ".rs.rpc.get_completions" "eval" "eval" "<Anonymous>" "model.frame.default" "stats::model.frame" "eval" "eval" "glm" 
"eval" "eval" "<Anonymous>" "model.frame.default" "stats::model.frame" "eval" "eval" "glm" 
"strwrap" "flushBuffer" "blankLine" "Rd2txt" "tryCatchList" "tryCatch" ".Rd_get_text" ".Rd_get_title" "is.factor" "gsub" ".Rd_format_title" "strwrap" "Rd2HTML" "tools:::httpd" "withCallingHandlers" "suppressWarnings" ".rs.getHelp" ".rs.getHelpFromObject" ".rs.getHelpFunction" "impl" ".rs.rpc.get_help" "eval" "eval" "<Anonymous>" "model.frame.default" "stats::model.frame" "eval" "eval" "glm" 
"gzfile" "readRDS" "doTryCatch" "tryCatchOne" "tryCatchList" "tryCatch" "FUN" "lapply" "find.package" "index.search" "utils::help" "eval" "eval" "withCallingHandlers" "doTryCatch" "tryCatchOne" "tryCatchList" "tryCatch" ".rs.tryCatch" ".rs.getHelp" "impl" ".rs.rpc.get_help" "eval" "eval" "<Anonymous>" "model.frame.default" "stats::model.frame" "eval" "eval" "glm" 
"readRDS" "index.search" "utils::help" "eval" "eval" ".rs.getHelp" "impl" ".rs.rpc.get_help" "eval" "eval" "<Anonymous>" "model.frame.default" "stats::model.frame" "eval" "eval" "glm" 
"eval" "eval" "<Anonymous>" "model.frame.default" "stats::model.frame" "eval" "eval" "glm" 
"eval" "eval" "<Anonymous>" "model.frame.default" "stats::model.frame" "eval" "eval" "glm" 
"eval" "eval" "<Anonymous>" "model.frame.default" "stats::model.frame" "eval" "eval" "glm" 
"eval" "eval" "<Anonymous>" "model.frame.default" "stats::model.frame" "eval" "eval" "glm" 
"eval" "eval" "<Anonymous>" "model.frame.default" "stats::model.frame" "eval" "eval" "glm" 
"eval" "eval" "<Anonymous>" "model.frame.default" "stats::model.frame" "eval" "eval" "glm" 
"eval" "eval" "<Anonymous>" "model.frame.default" "stats::model.frame" "eval" "eval" "glm" 
"eval" "eval" "<Anonymous>" "model.frame.default" "stats::model.frame" "eval" "eval" "glm" 
"eval" "eval" "<Anonymous>" "model.frame.default" "stats::model.frame" "eval" "eval" "glm" 
"eval" "eval" "<Anonymous>" "model.frame.default" "stats::model.frame" "eval" "eval" "glm" 
"eval" "eval" "<Anonymous>" "model.frame.default" "stats::model.frame" "eval" "eval" "glm" 
"eval" "eval" "<Anonymous>" "model.frame.default" "stats::model.frame" "eval" "eval" "glm" 
"eval" "eval" "<Anonymous>" "model.frame.default" "stats::model.frame" "eval" "eval" "glm" 
"eval" "eval" "<Anonymous>" "model.frame.default" "stats::model.frame" "eval" "eval" "glm" 
"eval" "eval" "<Anonymous>" "model.frame.default" "stats::model.frame" "eval" "eval" "glm" 
"eval" "eval" "<Anonymous>" "model.frame.default" "stats::model.frame" "eval" "eval" "glm" 
"eval" "eval" "<Anonymous>" "model.frame.default" "stats::model.frame" "eval" "eval" "glm" 
"eval" "eval" "<Anonymous>" "model.frame.default" "stats::model.frame" "eval" "eval" "glm" 
"eval" "eval" "<Anonymous>" "model.frame.default" "stats::model.frame" "eval" "eval" "glm" 
"eval" "eval" "<Anonymous>" "model.frame.default" "stats::model.frame" "eval" "eval" "glm" 
"substring" "paste" ".rs.deparseFunction" ".rs.simulateSourceRefs" "eval" "eval" "<Anonymous>" "model.frame.default" "stats::model.frame" "eval" "eval" "glm" 
"eval" "eval" "<Anonymous>" "model.frame.default" "stats::model.frame" "eval" "eval" "glm" 
"eval" "eval" "<Anonymous>" "model.frame.default" "stats::model.frame" "eval" "eval" "glm" 
"eval" "eval" "<Anonymous>" "model.frame.default" "stats::model.frame" "eval" "eval" "glm" 
"ls" "FUN" "lapply" ".rs.objectsOnSearchPath" ".rs.getCompletionsSearchPath" "Reduce" ".rs.rpc.get_completions" "eval" "eval" "<Anonymous>" "model.frame.default" "stats::model.frame" "eval" "eval" "glm" 
"eval" "eval" "<Anonymous>" "model.frame.default" "stats::model.frame" "eval" "eval" "glm" 
"eval" "eval" "<Anonymous>" "model.frame.default" "stats::model.frame" "eval" "eval" "glm" 
"eval" "eval" "<Anonymous>" "model.frame.default" "stats::model.frame" "eval" "eval" "glm" 
"is.factor" "sub" ".rs.simulateSourceRefs" "eval" "eval" "<Anonymous>" "model.frame.default" "stats::model.frame" "eval" "eval" "glm" 
"substring" ".rs.deparseFunction" ".rs.simulateSourceRefs" "eval" "eval" "<Anonymous>" "model.frame.default" "stats::model.frame" "eval" "eval" "glm" 
"eval" "eval" "<Anonymous>" "model.frame.default" "stats::model.frame" "eval" "eval" "glm" 
"eval" "eval" "<Anonymous>" "model.frame.default" "stats::model.frame" "eval" "eval" "glm" 
"eval" "eval" "<Anonymous>" "model.frame.default" "stats::model.frame" "eval" "eval" "glm" 
"eval" "eval" "<Anonymous>" "model.frame.default" "stats::model.frame" "eval" "eval" "glm" 
"eval" "eval" "<Anonymous>" "model.frame.default" "stats::model.frame" "eval" "eval" "glm" 
"eval" "eval" "<Anonymous>" "model.frame.default" "stats::model.frame" "eval" "eval" "glm" 
"eval" "eval" "<Anonymous>" "model.frame.default" "stats::model.frame" "eval" "eval" "glm" 
"eval" "eval" "<Anonymous>" "model.frame.default" "stats::model.frame" "eval" "eval" "glm" 
"eval" "eval" "<Anonymous>" "model.frame.default" "stats::model.frame" "eval" "eval" "glm" 
"eval" "eval" "<Anonymous>" "model.frame.default" "stats::model.frame" "eval" "eval" "glm" 
"ls" "FUN" "lapply" ".rs.objectsOnSearchPath" ".rs.getCompletionsSearchPath" "Reduce" ".rs.rpc.get_completions" "eval" "eval" "<Anonymous>" "model.frame.default" "stats::model.frame" "eval" "eval" "glm" 
".rs.getCompletionsPackages" "Reduce" ".rs.rpc.get_completions" "eval" "eval" "<Anonymous>" "model.frame.default" "stats::model.frame" "eval" "eval" "glm" 
"as.list" ".rs.getHelpFromObject" ".rs.getHelpFunction" "impl" ".rs.rpc.get_help" "eval" "eval" "<Anonymous>" "model.frame.default" "stats::model.frame" "eval" "eval" "glm" 
"objects" ".rs.getHelpFromObject" ".rs.getHelpFunction" "impl" ".rs.rpc.get_help" "eval" "eval" "<Anonymous>" "model.frame.default" "stats::model.frame" "eval" "eval" "glm" 
"gsub" "fsub" "htmlify" "utils:::getSrcByte" "isBlankLineRd" "addParaBreaks" "writeLines" "writeLinesUTF8" "of1" "writeBlock" "writeContent" "writeSection" "Rd2HTML" "tools:::httpd" "withCallingHandlers" "suppressWarnings" ".rs.getHelp" ".rs.getHelpFromObject" ".rs.getHelpFunction" "impl" ".rs.rpc.get_help" "eval" "eval" "<Anonymous>" "model.frame.default" "stats::model.frame" "eval" "eval" "glm" 
"%notin%" "writeBlock" "writeContent" "writeSection" "Rd2HTML" "tools:::httpd" "withCallingHandlers" "suppressWarnings" ".rs.getHelp" ".rs.getHelpFromObject" ".rs.getHelpFunction" "impl" ".rs.rpc.get_help" "eval" "eval" "<Anonymous>" "model.frame.default" "stats::model.frame" "eval" "eval" "glm" 
"file.exists" "index.search" "utils::help" "eval" "eval" "withCallingHandlers" "doTryCatch" "tryCatchOne" "tryCatchList" "tryCatch" ".rs.tryCatch" ".rs.getHelp" ".rs.getHelpFromObject" ".rs.getHelpFunction" "impl" ".rs.rpc.get_help" "eval" "eval" "<Anonymous>" "model.frame.default" "stats::model.frame" "eval" "eval" "glm" 
"eval" "eval" "<Anonymous>" "model.frame.default" "stats::model.frame" "eval" "eval" "glm" 
"eval" "eval" "<Anonymous>" "model.frame.default" "stats::model.frame" "eval" "eval" "glm" 
"eval" "eval" "<Anonymous>" "model.frame.default" "stats::model.frame" "eval" "eval" "glm" 
".rs.sanitizeCall" ".rs.sanitizeCall" ".rs.sanitizeCall" ".rs.sanitizeCall" ".rs.callSummary" "eval" "eval" "<Anonymous>" "model.frame.default" "stats::model.frame" "eval" "eval" "glm" 
"eval" "eval" "<Anonymous>" "model.frame.default" "stats::model.frame" "eval" "eval" "glm" 
"ls" "FUN" "lapply" ".rs.objectsOnSearchPath" ".rs.getCompletionsSearchPath" "Reduce" ".rs.rpc.get_completions" "eval" "eval" "<Anonymous>" "model.frame.default" "stats::model.frame" "eval" "eval" "glm" 
"eval" "eval" "<Anonymous>" "model.frame.default" "stats::model.frame" "eval" "eval" "glm" 
"eval" "eval" "<Anonymous>" "model.frame.default" "stats::model.frame" "eval" "eval" "glm" 
"eval" "eval" "<Anonymous>" "model.frame.default" "stats::model.frame" "eval" "eval" "glm" 
"ls" "FUN" "lapply" ".rs.objectsOnSearchPath" ".rs.getCompletionsSearchPath" "Reduce" ".rs.rpc.get_completions" "eval" "eval" "<Anonymous>" "model.frame.default" "stats::model.frame" "eval" "eval" "glm" 
"eval" "eval" "<Anonymous>" "model.frame.default" "stats::model.frame" "eval" "eval" "glm" 
"attr" ".rs.deparseFunction" ".rs.simulateSourceRefs" "eval" "eval" "<Anonymous>" "model.frame.default" "stats::model.frame" "eval" "eval" "glm" 
"eval" "eval" "<Anonymous>" "model.frame.default" "stats::model.frame" "eval" "eval" "glm" 
"eval" "eval" "<Anonymous>" "model.frame.default" "stats::model.frame" "eval" "eval" "glm" 
"eval" "eval" "<Anonymous>" "model.frame.default" "stats::model.frame" "eval" "eval" "glm" 
"eval" "eval" "<Anonymous>" "model.frame.default" "stats::model.frame" "eval" "eval" "glm" 
"eval" "eval" "<Anonymous>" "model.frame.default" "stats::model.frame" "eval" "eval" "glm" 
"eval" "eval" "<Anonymous>" "model.frame.default" "stats::model.frame" "eval" "eval" "glm" 
"eval" "eval" "<Anonymous>" "model.frame.default" "stats::model.frame" "eval" "eval" "glm" 
"eval" "eval" "<Anonymous>" "model.frame.default" "stats::model.frame" "eval" "eval" "glm" 
"eval" "eval" "<Anonymous>" "model.frame.default" "stats::model.frame" "eval" "eval" "glm" 
"eval" "eval" "<Anonymous>" "model.frame.default" "stats::model.frame" "eval" "eval" "glm" 
"eval" "eval" "<Anonymous>" "model.frame.default" "stats::model.frame" "eval" "eval" "glm" 
"eval" "eval" "<Anonymous>" "model.frame.default" "stats::model.frame" "eval" "eval" "glm" 
"eval" "eval" "<Anonymous>" "model.frame.default" "stats::model.frame" "eval" "eval" "glm" 
"eval" "eval" "<Anonymous>" "model.frame.default" "stats::model.frame" "eval" "eval" "glm" 
"eval" "eval" "<Anonymous>" "model.frame.default" "stats::model.frame" "eval" "eval" "glm" 
"eval" "eval" "<Anonymous>" "model.frame.default" "stats::model.frame" "eval" "eval" "glm" 
"eval" "eval" "<Anonymous>" "model.frame.default" "stats::model.frame" "eval" "eval" "glm" 
"eval" "eval" "<Anonymous>" "model.frame.default" "stats::model.frame" "eval" "eval" "glm" 
"eval" "eval" "<Anonymous>" "model.frame.default" "stats::model.frame" "eval" "eval" "glm" 
"eval" "eval" "<Anonymous>" "model.frame.default" "stats::model.frame" "eval" "eval" "glm" 
"eval" "eval" "<Anonymous>" "model.frame.default" "stats::model.frame" "eval" "eval" "glm" 
"eval" "eval" "<Anonymous>" "model.frame.default" "stats::model.frame" "eval" "eval" "glm" 
"eval" "eval" "<Anonymous>" "model.frame.default" "stats::model.frame" "eval" "eval" "glm" 
"eval" "eval" "<Anonymous>" "model.frame.default" "stats::model.frame" "eval" "eval" "glm" 
"eval" "eval" "<Anonymous>" "model.frame.default" "stats::model.frame" "eval" "eval" "glm" 
"eval" "eval" "<Anonymous>" "model.frame.default" "stats::model.frame" "eval" "eval" "glm" 
"eval" "eval" "<Anonymous>" "model.frame.default" "stats::model.frame" "eval" "eval" "glm" 
"eval" "eval" "<Anonymous>" "model.frame.default" "stats::model.frame" "eval" "eval" "glm" 
"list.files" ".rs.discoverPackageDependencies" ".rs.rpc.discover_package_dependencies" "eval" "eval" "<Anonymous>" "model.frame.default" "stats::model.frame" "eval" "eval" "glm" 
"eval" "eval" "<Anonymous>" "model.frame.default" "stats::model.frame" "eval" "eval" "glm" 
"eval" "eval" "<Anonymous>" "model.frame.default" "stats::model.frame" "eval" "eval" "glm" 
"eval" "eval" "<Anonymous>" "model.frame.default" "stats::model.frame" "eval" "eval" "glm" 
"substring" "paste" ".rs.deparseFunction" ".rs.simulateSourceRefs" "eval" "eval" "<Anonymous>" "model.frame.default" "stats::model.frame" "eval" "eval" "glm" 
"paste" ".rs.deparseFunction" ".rs.simulateSourceRefs" "eval" "eval" "<Anonymous>" "model.frame.default" "stats::model.frame" "eval" "eval" "glm" 
"eval" "eval" "<Anonymous>" "model.frame.default" "stats::model.frame" "eval" "eval" "glm" 
"eval" "eval" "<Anonymous>" "model.frame.default" "stats::model.frame" "eval" "eval" "glm" 
"eval" "eval" "<Anonymous>" "model.frame.default" "stats::model.frame" "eval" "eval" "glm" 
"eval" "eval" "<Anonymous>" "model.frame.default" "stats::model.frame" "eval" "eval" "glm" 
"eval" "eval" "<Anonymous>" "model.frame.default" "stats::model.frame" "eval" "eval" "glm" 
"eval" "eval" "<Anonymous>" "model.frame.default" "stats::model.frame" "eval" "eval" "glm" 
"eval" "eval" "<Anonymous>" "model.frame.default" "stats::model.frame" "eval" "eval" "glm" 
"eval" "eval" "<Anonymous>" "model.frame.default" "stats::model.frame" "eval" "eval" "glm" 
"eval" "eval" "<Anonymous>" "model.frame.default" "stats::model.frame" "eval" "eval" "glm" 
"eval" "eval" "<Anonymous>" "model.frame.default" "stats::model.frame" "eval" "eval" "glm" 
"eval" "eval" "<Anonymous>" "model.frame.default" "stats::model.frame" "eval" "eval" "glm" 
"eval" "eval" "<Anonymous>" "model.frame.default" "stats::model.frame" "eval" "eval" "glm" 
"eval" "eval" "<Anonymous>" "model.frame.default" "stats::model.frame" "eval" "eval" "glm" 
"eval" "eval" "<Anonymous>" "model.frame.default" "stats::model.frame" "eval" "eval" "glm" 
"eval" "eval" "<Anonymous>" "model.frame.default" "stats::model.frame" "eval" "eval" "glm" 
"eval" "eval" "<Anonymous>" "model.frame.default" "stats::model.frame" "eval" "eval" "glm" 
"eval" "eval" "<Anonymous>" "model.frame.default" "stats::model.frame" "eval" "eval" "glm" 
"eval" "eval" "<Anonymous>" "model.frame.default" "stats::model.frame" "eval" "eval" "glm" 
"eval" "eval" "<Anonymous>" "model.frame.default" "stats::model.frame" "eval" "eval" "glm" 
"eval" "eval" "<Anonymous>" "model.frame.default" "stats::model.frame" "eval" "eval" "glm" 
"eval" "eval" "<Anonymous>" "model.frame.default" "stats::model.frame" "eval" "eval" "glm" 
"eval" "eval" "<Anonymous>" "model.frame.default" "stats::model.frame" "eval" "eval" "glm" 
"eval" "eval" "<Anonymous>" "model.frame.default" "stats::model.frame" "eval" "eval" "glm" 
"eval" "eval" "<Anonymous>" "model.frame.default" "stats::model.frame" "eval" "eval" "glm" 
"eval" "eval" "<Anonymous>" "model.frame.default" "stats::model.frame" "eval" "eval" "glm" 
"eval" "eval" "<Anonymous>" "model.frame.default" "stats::model.frame" "eval" "eval" "glm" 
"eval" "eval" "<Anonymous>" "model.frame.default" "stats::model.frame" "eval" "eval" "glm" 
"eval" "eval" "<Anonymous>" "model.frame.default" "stats::model.frame" "eval" "eval" "glm" 
"eval" "eval" "<Anonymous>" "model.frame.default" "stats::model.frame" "eval" "eval" "glm" 
"eval" "eval" "<Anonymous>" "model.frame.default" "stats::model.frame" "eval" "eval" "glm" 
"eval" "eval" "<Anonymous>" "model.frame.default" "stats::model.frame" "eval" "eval" "glm" 
"eval" "eval" "<Anonymous>" "model.frame.default" "stats::model.frame" "eval" "eval" "glm" 
"eval" "eval" "<Anonymous>" "model.frame.default" "stats::model.frame" "eval" "eval" "glm" 
"eval" "eval" "<Anonymous>" "model.frame.default" "stats::model.frame" "eval" "eval" "glm" 
"eval" "eval" "<Anonymous>" "model.frame.default" "stats::model.frame" "eval" "eval" "glm" 
"eval" "eval" "<Anonymous>" "model.frame.default" "stats::model.frame" "eval" "eval" "glm" 
"eval" "eval" "<Anonymous>" "model.frame.default" "stats::model.frame" "eval" "eval" "glm" 
"eval" "eval" "<Anonymous>" "model.frame.default" "stats::model.frame" "eval" "eval" "glm" 
"eval" "eval" "<Anonymous>" "model.frame.default" "stats::model.frame" "eval" "eval" "glm" 
"eval" "eval" "<Anonymous>" "model.frame.default" "stats::model.frame" "eval" "eval" "glm" 
"eval" "eval" "<Anonymous>" "model.frame.default" "stats::model.frame" "eval" "eval" "glm" 
"eval" "eval" "<Anonymous>" "model.frame.default" "stats::model.frame" "eval" "eval" "glm" 
"eval" "eval" "<Anonymous>" "model.frame.default" "stats::model.frame" "eval" "eval" "glm" 
"eval" "eval" "<Anonymous>" "model.frame.default" "stats::model.frame" "eval" "eval" "glm" 
"eval" "eval" "<Anonymous>" "model.frame.default" "stats::model.frame" "eval" "eval" "glm" 
"eval" "eval" "<Anonymous>" "model.frame.default" "stats::model.frame" "eval" "eval" "glm" 
"modifyList" "str.default" "str" "<Anonymous>" "do.call" "strSub" "str.default" "str" "doTryCatch" "tryCatchOne" "tryCatchList" "tryCatch" "try" "...elt" "withVisible" "capture.output" "doTryCatch" "tryCatchOne" "tryCatchList" "tryCatch" ".rs.withTimeLimit" ".rs.valueFromStr" ".rs.valueContentsImpl" "doTryCatch" "tryCatchOne" "tryCatchList" "tryCatch" ".rs.valueContents" ".rs.describeObject" 
"match.arg" "str.default" "str" "<Anonymous>" "do.call" "strSub" "str.default" "str" "doTryCatch" "tryCatchOne" "tryCatchList" "tryCatch" "try" "...elt" "withVisible" "capture.output" "doTryCatch" "tryCatchOne" "tryCatchList" "tryCatch" ".rs.withTimeLimit" ".rs.valueFromStr" ".rs.valueContentsImpl" "doTryCatch" "tryCatchOne" "tryCatchList" "tryCatch" ".rs.valueContents" ".rs.describeObject" 
"paste" "<Anonymous>" "do.call" "FUN" "lapply" "bibentry" "eval" "eval" "utils:::readCitationFile" ".Call" "<Anonymous>" "do.call" "callFun" "<Anonymous>" "get_data" "detect_new" "rstudio$detect" "<Anonymous>" "mult_sign" "paste0" "spaces_around" "paste0" "dim_desc" "paste0" "size_sum.default" "size_sum" "paste" "obj_sum.default" "tibble::obj_sum" "cat" "str.tbl_df" "str" "<Anonymous>" "do.call" "strSub" "str.default" "str" "doTryCatch" "tryCatchOne" "tryCatchList" "tryCatch" "try" "...elt" "withVisible" "capture.output" "doTryCatch" "tryCatchOne" "tryCatchList" "tryCatch" ".rs.withTimeLimit" ".rs.valueFromStr" ".rs.valueContentsImpl" "doTryCatch" "tryCatchOne" "tryCatchList" "tryCatch" ".rs.valueContents" ".rs.describeObject" 
"strsplit" "str.col_spec" "str" "<Anonymous>" "do.call" "strSub" "str.default" "utils::str" "str.tbl_df" "str" "doTryCatch" "tryCatchOne" "tryCatchList" "tryCatch" "try" "...elt" "withVisible" "capture.output" "doTryCatch" "tryCatchOne" "tryCatchList" "tryCatch" ".rs.withTimeLimit" ".rs.valueFromStr" ".rs.valueContentsImpl" "doTryCatch" "tryCatchOne" "tryCatchList" "tryCatch" ".rs.valueContents" ".rs.describeObject" 
"nzchar" "prettyNum" "format.default" "format" "format.fun" "paste" "nchar.w" "maybe_truncate" "formObj" "cat" "str.default" "str" "<Anonymous>" "do.call" "strSub" "str.default" "utils::str" "str.tbl_df" "str" "doTryCatch" "tryCatchOne" "tryCatchList" "tryCatch" "try" "...elt" "withVisible" "capture.output" "doTryCatch" "tryCatchOne" "tryCatchList" "tryCatch" ".rs.withTimeLimit" ".rs.valueFromStr" ".rs.valueContentsImpl" "doTryCatch" "tryCatchOne" "tryCatchList" "tryCatch" ".rs.valueContents" ".rs.describeObject" 
"mysub" "trimws" "<Anonymous>" "do.call" "FUN" "lapply" "bibentry" "eval" "eval" "utils:::readCitationFile" ".Call" "<Anonymous>" "do.call" "callFun" "<Anonymous>" "get_data" "detect_new" "rstudio$detect" "<Anonymous>" "mult_sign" "paste0" "spaces_around" "paste0" "dim_desc" "paste0" "size_sum.default" "size_sum" "paste" "obj_sum.default" "tibble::obj_sum" "cat" "str.tbl_df" "str" "<Anonymous>" "do.call" "strSub" "str.default" "str" "doTryCatch" "tryCatchOne" "tryCatchList" "tryCatch" "try" "...elt" "withVisible" "capture.output" "doTryCatch" "tryCatchOne" "tryCatchList" "tryCatch" ".rs.withTimeLimit" ".rs.valueFromStr" ".rs.valueContentsImpl" "doTryCatch" "tryCatchOne" "tryCatchList" "tryCatch" ".rs.valueContents" ".rs.describeObject" 
".Call" "<Anonymous>" "do.call" "callFun" "<Anonymous>" "get_data" "detect_new" "rstudio$detect" "<Anonymous>" "mult_sign" "paste0" "spaces_around" "paste0" "dim_desc" "paste0" "size_sum.default" "size_sum" "paste" "obj_sum.default" "tibble::obj_sum" "cat" "str.tbl_df" "str" "doTryCatch" "tryCatchOne" "tryCatchList" "tryCatch" "try" "...elt" "withVisible" "capture.output" "doTryCatch" "tryCatchOne" "tryCatchList" "tryCatch" ".rs.withTimeLimit" ".rs.valueFromStr" ".rs.valueContentsImpl" "doTryCatch" "tryCatchOne" "tryCatchList" "tryCatch" ".rs.valueContents" ".rs.describeObject" 
"str.default" "str" "doTryCatch" "tryCatchOne" "tryCatchList" "tryCatch" "try" "...elt" "withVisible" "capture.output" "doTryCatch" "tryCatchOne" "tryCatchList" "tryCatch" ".rs.withTimeLimit" ".rs.valueFromStr" ".rs.valueContentsImpl" "doTryCatch" "tryCatchOne" "tryCatchList" "tryCatch" ".rs.valueContents" ".rs.describeObject" 
"gsub" "indent" "paste0" "format.ggproto" "format" "str.default" "str" "<Anonymous>" "do.call" "strSub" "str.default" "str" "doTryCatch" "tryCatchOne" "tryCatchList" "tryCatch" "try" "...elt" "withVisible" "capture.output" "doTryCatch" "tryCatchOne" "tryCatchList" "tryCatch" ".rs.withTimeLimit" ".rs.valueFromStr" ".rs.valueContentsImpl" "doTryCatch" "tryCatchOne" "tryCatchList" "tryCatch" ".rs.valueContents" ".rs.describeObject" 
"paste0" ".format.zeros" "prettyNum" "format.default" "format" "format.fun" "paste" "nchar.w" "maybe_truncate" "formObj" "cat" "str.default" "str" "<Anonymous>" "do.call" "strSub" "str.default" "utils::str" "str.tbl_df" "str" "<Anonymous>" "do.call" "strSub" "str.default" "str" "doTryCatch" "tryCatchOne" "tryCatchList" "tryCatch" "try" "...elt" "withVisible" "capture.output" "doTryCatch" "tryCatchOne" "tryCatchList" "tryCatch" ".rs.withTimeLimit" ".rs.valueFromStr" ".rs.valueContentsImpl" "doTryCatch" "tryCatchOne" "tryCatchList" "tryCatch" ".rs.valueContents" ".rs.describeObject" 
"setTimeLimit" ".rs.withTimeLimit" ".rs.valueFromStr" ".rs.valueContentsImpl" "doTryCatch" "tryCatchOne" "tryCatchList" "tryCatch" ".rs.valueContents" ".rs.describeObject" 
"menu" "<Anonymous>" "autoplot" 
"menu" "<Anonymous>" "autoplot" 
"menu" "<Anonymous>" "autoplot" 
"menu" "<Anonymous>" "autoplot" 
"menu" "<Anonymous>" "autoplot" 
"menu" "<Anonymous>" "autoplot" 
"menu" "<Anonymous>" "autoplot" 
"menu" "<Anonymous>" "autoplot" 
"menu" "<Anonymous>" "autoplot" 
"menu" "<Anonymous>" "autoplot" 
"menu" "<Anonymous>" "autoplot" 
"menu" "<Anonymous>" "autoplot" 
"menu" "<Anonymous>" "autoplot" 
"menu" "<Anonymous>" "autoplot" 
"menu" "<Anonymous>" "autoplot" 
"menu" "<Anonymous>" "autoplot" 
"menu" "<Anonymous>" "autoplot" 
"menu" "<Anonymous>" "autoplot" 
"menu" "<Anonymous>" "autoplot" 
"menu" "<Anonymous>" "autoplot" 
"menu" "<Anonymous>" "autoplot" 
"menu" "<Anonymous>" "autoplot" 
"menu" "<Anonymous>" "autoplot" 
"menu" "<Anonymous>" "autoplot" 
"menu" "<Anonymous>" "autoplot" 
"menu" "<Anonymous>" "autoplot" 
"menu" "<Anonymous>" "autoplot" 
"menu" "<Anonymous>" "autoplot" 
"menu" "<Anonymous>" "autoplot" 
"menu" "<Anonymous>" "autoplot" 
"menu" "<Anonymous>" "autoplot" 
"menu" "<Anonymous>" "autoplot" 
"menu" "<Anonymous>" "autoplot" 
"menu" "<Anonymous>" "autoplot" 
"menu" "<Anonymous>" "autoplot" 
"menu" "<Anonymous>" "autoplot" 
"menu" "<Anonymous>" "autoplot" 
"menu" "<Anonymous>" "autoplot" 
"menu" "<Anonymous>" "autoplot" 
"menu" "<Anonymous>" "autoplot" 
"menu" "<Anonymous>" "autoplot" 
"menu" "<Anonymous>" "autoplot" 
"menu" "<Anonymous>" "autoplot" 
"menu" "<Anonymous>" "autoplot" 
"menu" "<Anonymous>" "autoplot" 
"menu" "<Anonymous>" "autoplot" 
"menu" "<Anonymous>" "autoplot" 
"menu" "<Anonymous>" "autoplot" 
"menu" "<Anonymous>" "autoplot" 
"menu" "<Anonymous>" "autoplot" 
"menu" "<Anonymous>" "autoplot" 
"menu" "<Anonymous>" "autoplot" 
"menu" "<Anonymous>" "autoplot" 
"menu" "<Anonymous>" "autoplot" 
"menu" "<Anonymous>" "autoplot" 
"menu" "<Anonymous>" "autoplot" 
"menu" "<Anonymous>" "autoplot" 
"menu" "<Anonymous>" "autoplot" 
"menu" "<Anonymous>" "autoplot" 
"menu" "<Anonymous>" "autoplot" 
"menu" "<Anonymous>" "autoplot" 
"menu" "<Anonymous>" "autoplot" 
"menu" "<Anonymous>" "autoplot" 
"menu" "<Anonymous>" "autoplot" 
"menu" "<Anonymous>" "autoplot" 
"menu" "<Anonymous>" "autoplot" 
"menu" "<Anonymous>" "autoplot" 
"menu" "<Anonymous>" "autoplot" 
"menu" "<Anonymous>" "autoplot" 
"menu" "<Anonymous>" "autoplot" 
"menu" "<Anonymous>" "autoplot" 
"menu" "<Anonymous>" "autoplot" 
"menu" "<Anonymous>" "autoplot" 
"menu" "<Anonymous>" "autoplot" 
"menu" "<Anonymous>" "autoplot" 
"menu" "<Anonymous>" "autoplot" 
"menu" "<Anonymous>" "autoplot" 
"menu" "<Anonymous>" "autoplot" 
"menu" "<Anonymous>" "autoplot" 
"menu" "<Anonymous>" "autoplot" 
"menu" "<Anonymous>" "autoplot" 
"menu" "<Anonymous>" "autoplot" 
"menu" "<Anonymous>" "autoplot" 
"menu" "<Anonymous>" "autoplot" 
"menu" "<Anonymous>" "autoplot" 
"menu" "<Anonymous>" "autoplot" 
"menu" "<Anonymous>" "autoplot" 
"menu" "<Anonymous>" "autoplot" 
"menu" "<Anonymous>" "autoplot" 
"menu" "<Anonymous>" "autoplot" 
"menu" "<Anonymous>" "autoplot" 
"menu" "<Anonymous>" "autoplot" 
"menu" "<Anonymous>" "autoplot" 
"menu" "<Anonymous>" "autoplot" 
"menu" "<Anonymous>" "autoplot" 
"menu" "<Anonymous>" "autoplot" 
"menu" "<Anonymous>" "autoplot" 
"menu" "<Anonymous>" "autoplot" 
"menu" "<Anonymous>" "autoplot" 
"menu" "<Anonymous>" "autoplot" 
"menu" "<Anonymous>" "autoplot" 
"menu" "<Anonymous>" "autoplot" 
"menu" "<Anonymous>" "autoplot" 
"menu" "<Anonymous>" "autoplot" 
"menu" "<Anonymous>" "autoplot" 
"menu" "<Anonymous>" "autoplot" 
"menu" "<Anonymous>" "autoplot" 
"menu" "<Anonymous>" "autoplot" 
"menu" "<Anonymous>" "autoplot" 
"menu" "<Anonymous>" "autoplot" 
"menu" "<Anonymous>" "autoplot" 
"menu" "<Anonymous>" "autoplot" 
"menu" "<Anonymous>" "autoplot" 
"menu" "<Anonymous>" "autoplot" 
"menu" "<Anonymous>" "autoplot" 
"menu" "<Anonymous>" "autoplot" 
"menu" "<Anonymous>" "autoplot" 
"menu" "<Anonymous>" "autoplot" 
"menu" "<Anonymous>" "autoplot" 
"menu" "<Anonymous>" "autoplot" 
"menu" "<Anonymous>" "autoplot" 
"menu" "<Anonymous>" "autoplot" 
"menu" "<Anonymous>" "autoplot" 
"menu" "<Anonymous>" "autoplot" 
"menu" "<Anonymous>" "autoplot" 
"menu" "<Anonymous>" "autoplot" 
"menu" "<Anonymous>" "autoplot" 
"menu" "<Anonymous>" "autoplot" 
"menu" "<Anonymous>" "autoplot" 
"menu" "<Anonymous>" "autoplot" 
"menu" "<Anonymous>" "autoplot" 
"menu" "<Anonymous>" "autoplot" 
"menu" "<Anonymous>" "autoplot" 
"menu" "<Anonymous>" "autoplot" 
"menu" "<Anonymous>" "autoplot" 
"menu" "<Anonymous>" "autoplot" 
"menu" "<Anonymous>" "autoplot" 
"menu" "<Anonymous>" "autoplot" 
"menu" "<Anonymous>" "autoplot" 
"menu" "<Anonymous>" "autoplot" 
"menu" "<Anonymous>" "autoplot" 
"menu" "<Anonymous>" "autoplot" 
"menu" "<Anonymous>" "autoplot" 
"menu" "<Anonymous>" "autoplot" 
"menu" "<Anonymous>" "autoplot" 
"menu" "<Anonymous>" "autoplot" 
"menu" "<Anonymous>" "autoplot" 
"menu" "<Anonymous>" "autoplot" 
"menu" "<Anonymous>" "autoplot" 
"menu" "<Anonymous>" "autoplot" 
"menu" "<Anonymous>" "autoplot" 
"menu" "<Anonymous>" "autoplot" 
"menu" "<Anonymous>" "autoplot" 
"menu" "<Anonymous>" "autoplot" 
"menu" "<Anonymous>" "autoplot" 
"menu" "<Anonymous>" "autoplot" 
"menu" "<Anonymous>" "autoplot" 
"menu" "<Anonymous>" "autoplot" 
"menu" "<Anonymous>" "autoplot" 
"menu" "<Anonymous>" "autoplot" 
"menu" "<Anonymous>" "autoplot" 
"menu" "<Anonymous>" "autoplot" 
"menu" "<Anonymous>" "autoplot" 
"menu" "<Anonymous>" "autoplot" 
"menu" "<Anonymous>" "autoplot" 
"menu" "<Anonymous>" "autoplot" 
"menu" "<Anonymous>" "autoplot" 
"menu" "<Anonymous>" "autoplot" 
"menu" "<Anonymous>" "autoplot" 
"menu" "<Anonymous>" "autoplot" 
"menu" "<Anonymous>" "autoplot" 
"menu" "<Anonymous>" "autoplot" 
"menu" "<Anonymous>" "autoplot" 
"menu" "<Anonymous>" "autoplot" 
"menu" "<Anonymous>" "autoplot" 
"menu" "<Anonymous>" "autoplot" 
"menu" "<Anonymous>" "autoplot" 
"menu" "<Anonymous>" "autoplot" 
"menu" "<Anonymous>" "autoplot" 
"menu" "<Anonymous>" "autoplot" 
"menu" "<Anonymous>" "autoplot" 
"menu" "<Anonymous>" "autoplot" 
"menu" "<Anonymous>" "autoplot" 
"menu" "<Anonymous>" "autoplot" 
"menu" "<Anonymous>" "autoplot" 
"menu" "<Anonymous>" "autoplot" 
"menu" "<Anonymous>" "autoplot" 
"menu" "<Anonymous>" "autoplot" 
"menu" "<Anonymous>" "autoplot" 
"menu" "<Anonymous>" "autoplot" 
"menu" "<Anonymous>" "autoplot" 
"menu" "<Anonymous>" "autoplot" 
"menu" "<Anonymous>" "autoplot" 
"menu" "<Anonymous>" "autoplot" 
"menu" "<Anonymous>" "autoplot" 
"menu" "<Anonymous>" "autoplot" 
"menu" "<Anonymous>" "autoplot" 
"menu" "<Anonymous>" "autoplot" 
"menu" "<Anonymous>" "autoplot" 
"menu" "<Anonymous>" "autoplot" 
"menu" "<Anonymous>" "autoplot" 
"menu" "<Anonymous>" "autoplot" 
"menu" "<Anonymous>" "autoplot" 
"menu" "<Anonymous>" "autoplot" 
"menu" "<Anonymous>" "autoplot" 
"menu" "<Anonymous>" "autoplot" 
"menu" "<Anonymous>" "autoplot" 
"menu" "<Anonymous>" "autoplot" 
"menu" "<Anonymous>" "autoplot" 
"menu" "<Anonymous>" "autoplot" 
"menu" "<Anonymous>" "autoplot" 
"menu" "<Anonymous>" "autoplot" 
"menu" "<Anonymous>" "autoplot" 
"menu" "<Anonymous>" "autoplot" 
"menu" "<Anonymous>" "autoplot" 
"menu" "<Anonymous>" "autoplot" 
"menu" "<Anonymous>" "autoplot" 
"menu" "<Anonymous>" "autoplot" 
"menu" "<Anonymous>" "autoplot" 
"menu" "<Anonymous>" "autoplot" 
"menu" "<Anonymous>" "autoplot" 
"menu" "<Anonymous>" "autoplot" 
"menu" "<Anonymous>" "autoplot" 
"menu" "<Anonymous>" "autoplot" 
"menu" "<Anonymous>" "autoplot" 
"menu" "<Anonymous>" "autoplot" 
"menu" "<Anonymous>" "autoplot" 
"menu" "<Anonymous>" "autoplot" 
"menu" "<Anonymous>" "autoplot" 
"menu" "<Anonymous>" "autoplot" 
"menu" "<Anonymous>" "autoplot" 
"menu" "<Anonymous>" "autoplot" 
"menu" "<Anonymous>" "autoplot" 
"menu" "<Anonymous>" "autoplot" 
"menu" "<Anonymous>" "autoplot" 
"menu" "<Anonymous>" "autoplot" 
"menu" "<Anonymous>" "autoplot" 
"menu" "<Anonymous>" "autoplot" 
"menu" "<Anonymous>" "autoplot" 
"menu" "<Anonymous>" "autoplot" 
"menu" "<Anonymous>" "autoplot" 
"menu" "<Anonymous>" "autoplot" 
"menu" "<Anonymous>" "autoplot" 
"menu" "<Anonymous>" "autoplot" 
"menu" "<Anonymous>" "autoplot" 
"menu" "<Anonymous>" "autoplot" 
"menu" "<Anonymous>" "autoplot" 
"menu" "<Anonymous>" "autoplot" 
"menu" "<Anonymous>" "autoplot" 
"menu" "<Anonymous>" "autoplot" 
"menu" "<Anonymous>" "autoplot" 
"menu" "<Anonymous>" "autoplot" 
"menu" "<Anonymous>" "autoplot" 
"menu" "<Anonymous>" "autoplot" 
"menu" "<Anonymous>" "autoplot" 
"menu" "<Anonymous>" "autoplot" 
"menu" "<Anonymous>" "autoplot" 
"menu" "<Anonymous>" "autoplot" 
"menu" "<Anonymous>" "autoplot" 
"menu" "<Anonymous>" "autoplot" 
"menu" "<Anonymous>" "autoplot" 
"menu" "<Anonymous>" "autoplot" 
"menu" "<Anonymous>" "autoplot" 
"menu" "<Anonymous>" "autoplot" 
"menu" "<Anonymous>" "autoplot" 
"menu" "<Anonymous>" "autoplot" 
"menu" "<Anonymous>" "autoplot" 
"menu" "<Anonymous>" "autoplot" 
"menu" "<Anonymous>" "autoplot" 
"menu" "<Anonymous>" "autoplot" 
"menu" "<Anonymous>" "autoplot" 
"menu" "<Anonymous>" "autoplot" 
"menu" "<Anonymous>" "autoplot" 
"menu" "<Anonymous>" "autoplot" 
"menu" "<Anonymous>" "autoplot" 
"menu" "<Anonymous>" "autoplot" 
"menu" "<Anonymous>" "autoplot" 
"menu" "<Anonymous>" "autoplot" 
"menu" "<Anonymous>" "autoplot" 
"menu" "<Anonymous>" "autoplot" 
"menu" "<Anonymous>" "autoplot" 
"menu" "<Anonymous>" "autoplot" 
"menu" "<Anonymous>" "autoplot" 
"menu" "<Anonymous>" "autoplot" 
"menu" "<Anonymous>" "autoplot" 
"menu" "<Anonymous>" "autoplot" 
"menu" "<Anonymous>" "autoplot" 
"menu" "<Anonymous>" "autoplot" 
"menu" "<Anonymous>" "autoplot" 
"menu" "<Anonymous>" "autoplot" 
"menu" "<Anonymous>" "autoplot" 
"menu" "<Anonymous>" "autoplot" 
"menu" "<Anonymous>" "autoplot" 
"menu" "<Anonymous>" "autoplot" 
"menu" "<Anonymous>" "autoplot" 
"menu" "<Anonymous>" "autoplot" 
"menu" "<Anonymous>" "autoplot" 
"menu" "<Anonymous>" "autoplot" 
"menu" "<Anonymous>" "autoplot" 
"menu" "<Anonymous>" "autoplot" 
"menu" "<Anonymous>" "autoplot" 
"menu" "<Anonymous>" "autoplot" 
"menu" "<Anonymous>" "autoplot" 
"menu" "<Anonymous>" "autoplot" 
"menu" "<Anonymous>" "autoplot" 
"menu" "<Anonymous>" "autoplot" 
"menu" "<Anonymous>" "autoplot" 
"menu" "<Anonymous>" "autoplot" 
"menu" "<Anonymous>" "autoplot" 
"menu" "<Anonymous>" "autoplot" 
"menu" "<Anonymous>" "autoplot" 
"menu" "<Anonymous>" "autoplot" 
"menu" "<Anonymous>" "autoplot" 
"menu" "<Anonymous>" "autoplot" 
"menu" "<Anonymous>" "autoplot" 
"menu" "<Anonymous>" "autoplot" 
"menu" "<Anonymous>" "autoplot" 
"menu" "<Anonymous>" "autoplot" 
"menu" "<Anonymous>" "autoplot" 
"menu" "<Anonymous>" "autoplot" 
"menu" "<Anonymous>" "autoplot" 
"menu" "<Anonymous>" "autoplot" 
"which" ".rs.detachConflicts" "menu" "<Anonymous>" "autoplot" 
"menu" "<Anonymous>" "autoplot" 
"menu" "<Anonymous>" "autoplot" 
"menu" "<Anonymous>" "autoplot" 
"menu" "<Anonymous>" "autoplot" 
"menu" "<Anonymous>" "autoplot" 
"menu" "<Anonymous>" "autoplot" 
